<?xml version="1.0" encoding="UTF-8"?>
<TestRun id="7eb48424-3eef-4875-9a57-4d1b30fcc4d5" name="Matt@MATT-PC 2011-12-24 12:19:11" runUser="Matt-PC\Matt" xmlns="http://microsoft.com/schemas/VisualStudio/TeamTest/2010">
  <TestSettings name="Local" id="1b452438-30ba-4160-930a-f044ea6d5cef">
    <Description>These are default test settings for a local test run.</Description>
    <Deployment enabled="false" runDeploymentRoot="Matt_MATT-PC 2011-12-24 12_19_11">
      <DeploymentItem filename="C:\Code\Complainatron3\packages\MvcPaging.1.0.2\lib\net40\MvcPaging.dll" />
      <DeploymentItem filename="C:\Code\Complainatron3\Complainatron.Core\bin\Debug\Complainatron.Core.dll" />
      <DeploymentItem filename="C:\Code\Complainatron3\packages\FacebookWeb.5.4.1.0\lib\net40\Facebook.Web.dll" />
      <DeploymentItem filename="C:\Code\Complainatron3\packages\Castle.Core.2.5.2\lib\NET35\Castle.Core.dll" />
      <DeploymentItem filename="C:\Code\Complainatron3\Complainatron.Domain\bin\Debug\Complainatron.Domain.dll" />
      <DeploymentItem filename="C:\Code\Complainatron3\packages\FacebookWebMvc.5.4.1.0\lib\net40\Facebook.Web.Mvc.dll" />
      <DeploymentItem filename="C:\Code\Complainatron3\packages\FluentAssertions.1.6.0\Lib\net40\FluentAssertions.dll" />
      <DeploymentItem filename="C:\Code\Complainatron3\packages\Facebook.5.4.1.0\lib\net40-client\Facebook.dll" />
      <DeploymentItem filename="C:\Code\Complainatron3\packages\FakeItEasy.1.7.4257.42\lib\NET40\FakeItEasy.dll" />
      <DeploymentItem filename="C:\Code\Complainatron3\Complainatron\bin\Complainatron.dll" />
    </Deployment>
    <Execution>
      <TestTypeSpecific />
      <AgentRule name="Execution Agents">
      </AgentRule>
    </Execution>
  </TestSettings>
  <Times creation="2011-12-24T12:19:11.3610311-08:00" queuing="2011-12-24T12:19:11.5910443-08:00" start="2011-12-24T12:19:11.6390470-08:00" finish="2011-12-24T12:19:12.8441159-08:00" />
  <ResultSummary outcome="Failed">
    <Counters total="37" executed="37" error="0" failed="37" timeout="0" aborted="0" inconclusive="0" passedButRunAborted="0" notRunnable="0" notExecuted="0" disconnected="0" warning="0" passed="0" completed="0" inProgress="0" pending="0" />
    <Output>
      <DebugTrace>W, 2224, 14, 2011/12/24, 12:19:12.059, MATT-PC\QTAgent32.exe, Getting custom attributes for type System.RuntimeType threw exception (will ignore and use the reflection way): System.IO.FileLoadException: Could not load file or assembly 'Facebook.Web.Mvc, Version=5.3.2.0, Culture=neutral, PublicKeyToken=58cb4f2111d1e6de' or one of its dependencies. The located assembly's manifest definition does not match the assembly reference. (Exception from HRESULT: 0x80131040)
File name: 'Facebook.Web.Mvc, Version=5.3.2.0, Culture=neutral, PublicKeyToken=58cb4f2111d1e6de'
   at System.ModuleHandle.ResolveType(RuntimeModule module, Int32 typeToken, IntPtr* typeInstArgs, Int32 typeInstCount, IntPtr* methodInstArgs, Int32 methodInstCount, ObjectHandleOnStack type)
   at System.ModuleHandle.ResolveTypeHandleInternal(RuntimeModule module, Int32 typeToken, RuntimeTypeHandle[] typeInstantiationContext, RuntimeTypeHandle[] methodInstantiationContext)
   at System.Reflection.RuntimeModule.ResolveType(Int32 metadataToken, Type[] genericTypeArguments, Type[] genericMethodArguments)
   at System.Reflection.CustomAttribute.FilterCustomAttributeRecord(CustomAttributeRecord caRecord, MetadataImport scope, Assembly&amp; lastAptcaOkAssembly, RuntimeModule decoratedModule, MetadataToken decoratedToken, RuntimeType attributeFilterType, Boolean mustBeInheritable, Object[] attributes, IList derivedAttributes, RuntimeType&amp; attributeType, IRuntimeMethodInfo&amp; ctor, Boolean&amp; ctorHasParameters, Boolean&amp; isVarArg)
   at System.Reflection.CustomAttribute.GetCustomAttributes(RuntimeModule decoratedModule, Int32 decoratedMetadataToken, Int32 pcaCount, RuntimeType attributeFilterType, Boolean mustBeInheritable, IList derivedAttributes, Boolean isDecoratedTargetSecurityTransparent)
   at System.Reflection.CustomAttribute.GetCustomAttributes(RuntimeType type, RuntimeType caType, Boolean inherit)
   at System.RuntimeType.GetCustomAttributes(Boolean inherit)
   at Microsoft.VisualStudio.TestTools.Common.ReflectHelper.GetAttributes(MemberInfo info, Boolean bInherit)

WRN: Assembly binding logging is turned OFF.
To enable assembly bind failure logging, set the registry value [HKLM\Software\Microsoft\Fusion!EnableLog] (DWORD) to 1.
Note: There is some performance penalty associated with assembly bind failure logging.
To turn this feature off, remove the registry value [HKLM\Software\Microsoft\Fusion!EnableLog].

E, 2224, 14, 2011/12/24, 12:19:12.118, MATT-PC\QTAgent32.exe, Unit Test Executor threw an exception. Most likely the test run was aborted by the user or the framework:System.IO.FileLoadException: Could not load file or assembly 'Facebook.Web.Mvc, Version=5.3.2.0, Culture=neutral, PublicKeyToken=58cb4f2111d1e6de' or one of its dependencies. The located assembly's manifest definition does not match the assembly reference. (Exception from HRESULT: 0x80131040)
File name: 'Facebook.Web.Mvc, Version=5.3.2.0, Culture=neutral, PublicKeyToken=58cb4f2111d1e6de'
   at System.ModuleHandle.ResolveType(RuntimeModule module, Int32 typeToken, IntPtr* typeInstArgs, Int32 typeInstCount, IntPtr* methodInstArgs, Int32 methodInstCount, ObjectHandleOnStack type)
   at System.ModuleHandle.ResolveTypeHandleInternal(RuntimeModule module, Int32 typeToken, RuntimeTypeHandle[] typeInstantiationContext, RuntimeTypeHandle[] methodInstantiationContext)
   at System.Reflection.RuntimeModule.ResolveType(Int32 metadataToken, Type[] genericTypeArguments, Type[] genericMethodArguments)
   at System.Reflection.CustomAttribute.FilterCustomAttributeRecord(CustomAttributeRecord caRecord, MetadataImport scope, Assembly&amp; lastAptcaOkAssembly, RuntimeModule decoratedModule, MetadataToken decoratedToken, RuntimeType attributeFilterType, Boolean mustBeInheritable, Object[] attributes, IList derivedAttributes, RuntimeType&amp; attributeType, IRuntimeMethodInfo&amp; ctor, Boolean&amp; ctorHasParameters, Boolean&amp; isVarArg)
   at System.Reflection.CustomAttribute.IsCustomAttributeDefined(RuntimeModule decoratedModule, Int32 decoratedMetadataToken, RuntimeType attributeFilterType, Boolean mustBeInheritable)
   at System.Reflection.CustomAttribute.IsDefined(RuntimeType type, RuntimeType caType, Boolean inherit)
   at System.RuntimeType.IsDefined(Type attributeType, Boolean inherit)
   at Microsoft.VisualStudio.TestTools.TestTypes.Unit.UnitTestExecuter.GetAssemblyInfo(Assembly assembly)
   at Microsoft.VisualStudio.TestTools.TestTypes.Unit.UnitTestExecuter.GetTypeInfo(Type type, Boolean checkAlreadyExaminedType)
   at Microsoft.VisualStudio.TestTools.TestTypes.Unit.UnitTestExecuter.ResolveMethods()
   at Microsoft.VisualStudio.TestTools.TestTypes.Unit.UnitTestExecuter.Initialize(UnitTestResult result, UnitTestRunner runner, ConsoleOutputRedirector redirector)

WRN: Assembly binding logging is turned OFF.
To enable assembly bind failure logging, set the registry value [HKLM\Software\Microsoft\Fusion!EnableLog] (DWORD) to 1.
Note: There is some performance penalty associated with assembly bind failure logging.
To turn this feature off, remove the registry value [HKLM\Software\Microsoft\Fusion!EnableLog].

E, 2224, 14, 2011/12/24, 12:19:12.125, MATT-PC\QTAgent32.exe, Unit Test Adapter threw exception: System.IO.FileLoadException: Could not load file or assembly 'Facebook.Web.Mvc, Version=5.3.2.0, Culture=neutral, PublicKeyToken=58cb4f2111d1e6de' or one of its dependencies. The located assembly's manifest definition does not match the assembly reference. (Exception from HRESULT: 0x80131040)
File name: 'Facebook.Web.Mvc, Version=5.3.2.0, Culture=neutral, PublicKeyToken=58cb4f2111d1e6de'
   at System.ModuleHandle.ResolveType(RuntimeModule module, Int32 typeToken, IntPtr* typeInstArgs, Int32 typeInstCount, IntPtr* methodInstArgs, Int32 methodInstCount, ObjectHandleOnStack type)
   at System.ModuleHandle.ResolveTypeHandleInternal(RuntimeModule module, Int32 typeToken, RuntimeTypeHandle[] typeInstantiationContext, RuntimeTypeHandle[] methodInstantiationContext)
   at System.Reflection.RuntimeModule.ResolveType(Int32 metadataToken, Type[] genericTypeArguments, Type[] genericMethodArguments)
   at System.Reflection.CustomAttribute.FilterCustomAttributeRecord(CustomAttributeRecord caRecord, MetadataImport scope, Assembly&amp; lastAptcaOkAssembly, RuntimeModule decoratedModule, MetadataToken decoratedToken, RuntimeType attributeFilterType, Boolean mustBeInheritable, Object[] attributes, IList derivedAttributes, RuntimeType&amp; attributeType, IRuntimeMethodInfo&amp; ctor, Boolean&amp; ctorHasParameters, Boolean&amp; isVarArg)
   at System.Reflection.CustomAttribute.IsCustomAttributeDefined(RuntimeModule decoratedModule, Int32 decoratedMetadataToken, RuntimeType attributeFilterType, Boolean mustBeInheritable)
   at System.Reflection.CustomAttribute.IsDefined(RuntimeType type, RuntimeType caType, Boolean inherit)
   at System.RuntimeType.IsDefined(Type attributeType, Boolean inherit)
   at Microsoft.VisualStudio.TestTools.TestTypes.Unit.UnitTestExecuter.GetAssemblyInfo(Assembly assembly)
   at Microsoft.VisualStudio.TestTools.TestTypes.Unit.UnitTestExecuter.GetTypeInfo(Type type, Boolean checkAlreadyExaminedType)
   at Microsoft.VisualStudio.TestTools.TestTypes.Unit.UnitTestExecuter.ResolveMethods()
   at Microsoft.VisualStudio.TestTools.TestTypes.Unit.UnitTestExecuter.Initialize(UnitTestResult result, UnitTestRunner runner, ConsoleOutputRedirector redirector)
   at Microsoft.VisualStudio.TestTools.TestTypes.Unit.UnitTestRunner.Run(UnitTestElement test, ITestContext testContext, Boolean isLoadTest, Boolean useMultipleCpus)

WRN: Assembly binding logging is turned OFF.
To enable assembly bind failure logging, set the registry value [HKLM\Software\Microsoft\Fusion!EnableLog] (DWORD) to 1.
Note: There is some performance penalty associated with assembly bind failure logging.
To turn this feature off, remove the registry value [HKLM\Software\Microsoft\Fusion!EnableLog].

W, 2224, 19, 2011/12/24, 12:19:12.164, MATT-PC\QTAgent32.exe, Getting custom attributes for type System.RuntimeType threw exception (will ignore and use the reflection way): System.IO.FileLoadException: Could not load file or assembly 'Facebook.Web.Mvc, Version=5.3.2.0, Culture=neutral, PublicKeyToken=58cb4f2111d1e6de' or one of its dependencies. The located assembly's manifest definition does not match the assembly reference. (Exception from HRESULT: 0x80131040)
File name: 'Facebook.Web.Mvc, Version=5.3.2.0, Culture=neutral, PublicKeyToken=58cb4f2111d1e6de'
   at System.ModuleHandle.ResolveType(RuntimeModule module, Int32 typeToken, IntPtr* typeInstArgs, Int32 typeInstCount, IntPtr* methodInstArgs, Int32 methodInstCount, ObjectHandleOnStack type)
   at System.ModuleHandle.ResolveTypeHandleInternal(RuntimeModule module, Int32 typeToken, RuntimeTypeHandle[] typeInstantiationContext, RuntimeTypeHandle[] methodInstantiationContext)
   at System.Reflection.RuntimeModule.ResolveType(Int32 metadataToken, Type[] genericTypeArguments, Type[] genericMethodArguments)
   at System.Reflection.CustomAttribute.FilterCustomAttributeRecord(CustomAttributeRecord caRecord, MetadataImport scope, Assembly&amp; lastAptcaOkAssembly, RuntimeModule decoratedModule, MetadataToken decoratedToken, RuntimeType attributeFilterType, Boolean mustBeInheritable, Object[] attributes, IList derivedAttributes, RuntimeType&amp; attributeType, IRuntimeMethodInfo&amp; ctor, Boolean&amp; ctorHasParameters, Boolean&amp; isVarArg)
   at System.Reflection.CustomAttribute.GetCustomAttributes(RuntimeModule decoratedModule, Int32 decoratedMetadataToken, Int32 pcaCount, RuntimeType attributeFilterType, Boolean mustBeInheritable, IList derivedAttributes, Boolean isDecoratedTargetSecurityTransparent)
   at System.Reflection.CustomAttribute.GetCustomAttributes(RuntimeType type, RuntimeType caType, Boolean inherit)
   at System.RuntimeType.GetCustomAttributes(Boolean inherit)
   at Microsoft.VisualStudio.TestTools.Common.ReflectHelper.GetAttributes(MemberInfo info, Boolean bInherit)

WRN: Assembly binding logging is turned OFF.
To enable assembly bind failure logging, set the registry value [HKLM\Software\Microsoft\Fusion!EnableLog] (DWORD) to 1.
Note: There is some performance penalty associated with assembly bind failure logging.
To turn this feature off, remove the registry value [HKLM\Software\Microsoft\Fusion!EnableLog].

E, 2224, 19, 2011/12/24, 12:19:12.166, MATT-PC\QTAgent32.exe, Unit Test Executor threw an exception. Most likely the test run was aborted by the user or the framework:System.IO.FileLoadException: Could not load file or assembly 'Facebook.Web.Mvc, Version=5.3.2.0, Culture=neutral, PublicKeyToken=58cb4f2111d1e6de' or one of its dependencies. The located assembly's manifest definition does not match the assembly reference. (Exception from HRESULT: 0x80131040)
File name: 'Facebook.Web.Mvc, Version=5.3.2.0, Culture=neutral, PublicKeyToken=58cb4f2111d1e6de'
   at System.ModuleHandle.ResolveType(RuntimeModule module, Int32 typeToken, IntPtr* typeInstArgs, Int32 typeInstCount, IntPtr* methodInstArgs, Int32 methodInstCount, ObjectHandleOnStack type)
   at System.ModuleHandle.ResolveTypeHandleInternal(RuntimeModule module, Int32 typeToken, RuntimeTypeHandle[] typeInstantiationContext, RuntimeTypeHandle[] methodInstantiationContext)
   at System.Reflection.RuntimeModule.ResolveType(Int32 metadataToken, Type[] genericTypeArguments, Type[] genericMethodArguments)
   at System.Reflection.CustomAttribute.FilterCustomAttributeRecord(CustomAttributeRecord caRecord, MetadataImport scope, Assembly&amp; lastAptcaOkAssembly, RuntimeModule decoratedModule, MetadataToken decoratedToken, RuntimeType attributeFilterType, Boolean mustBeInheritable, Object[] attributes, IList derivedAttributes, RuntimeType&amp; attributeType, IRuntimeMethodInfo&amp; ctor, Boolean&amp; ctorHasParameters, Boolean&amp; isVarArg)
   at System.Reflection.CustomAttribute.IsCustomAttributeDefined(RuntimeModule decoratedModule, Int32 decoratedMetadataToken, RuntimeType attributeFilterType, Boolean mustBeInheritable)
   at System.Reflection.CustomAttribute.IsDefined(RuntimeType type, RuntimeType caType, Boolean inherit)
   at System.RuntimeType.IsDefined(Type attributeType, Boolean inherit)
   at Microsoft.VisualStudio.TestTools.TestTypes.Unit.UnitTestExecuter.GetAssemblyInfo(Assembly assembly)
   at Microsoft.VisualStudio.TestTools.TestTypes.Unit.UnitTestExecuter.GetTypeInfo(Type type, Boolean checkAlreadyExaminedType)
   at Microsoft.VisualStudio.TestTools.TestTypes.Unit.UnitTestExecuter.ResolveMethods()
   at Microsoft.VisualStudio.TestTools.TestTypes.Unit.UnitTestExecuter.Initialize(UnitTestResult result, UnitTestRunner runner, ConsoleOutputRedirector redirector)

WRN: Assembly binding logging is turned OFF.
To enable assembly bind failure logging, set the registry value [HKLM\Software\Microsoft\Fusion!EnableLog] (DWORD) to 1.
Note: There is some performance penalty associated with assembly bind failure logging.
To turn this feature off, remove the registry value [HKLM\Software\Microsoft\Fusion!EnableLog].

E, 2224, 19, 2011/12/24, 12:19:12.167, MATT-PC\QTAgent32.exe, Unit Test Adapter threw exception: System.IO.FileLoadException: Could not load file or assembly 'Facebook.Web.Mvc, Version=5.3.2.0, Culture=neutral, PublicKeyToken=58cb4f2111d1e6de' or one of its dependencies. The located assembly's manifest definition does not match the assembly reference. (Exception from HRESULT: 0x80131040)
File name: 'Facebook.Web.Mvc, Version=5.3.2.0, Culture=neutral, PublicKeyToken=58cb4f2111d1e6de'
   at System.ModuleHandle.ResolveType(RuntimeModule module, Int32 typeToken, IntPtr* typeInstArgs, Int32 typeInstCount, IntPtr* methodInstArgs, Int32 methodInstCount, ObjectHandleOnStack type)
   at System.ModuleHandle.ResolveTypeHandleInternal(RuntimeModule module, Int32 typeToken, RuntimeTypeHandle[] typeInstantiationContext, RuntimeTypeHandle[] methodInstantiationContext)
   at System.Reflection.RuntimeModule.ResolveType(Int32 metadataToken, Type[] genericTypeArguments, Type[] genericMethodArguments)
   at System.Reflection.CustomAttribute.FilterCustomAttributeRecord(CustomAttributeRecord caRecord, MetadataImport scope, Assembly&amp; lastAptcaOkAssembly, RuntimeModule decoratedModule, MetadataToken decoratedToken, RuntimeType attributeFilterType, Boolean mustBeInheritable, Object[] attributes, IList derivedAttributes, RuntimeType&amp; attributeType, IRuntimeMethodInfo&amp; ctor, Boolean&amp; ctorHasParameters, Boolean&amp; isVarArg)
   at System.Reflection.CustomAttribute.IsCustomAttributeDefined(RuntimeModule decoratedModule, Int32 decoratedMetadataToken, RuntimeType attributeFilterType, Boolean mustBeInheritable)
   at System.Reflection.CustomAttribute.IsDefined(RuntimeType type, RuntimeType caType, Boolean inherit)
   at System.RuntimeType.IsDefined(Type attributeType, Boolean inherit)
   at Microsoft.VisualStudio.TestTools.TestTypes.Unit.UnitTestExecuter.GetAssemblyInfo(Assembly assembly)
   at Microsoft.VisualStudio.TestTools.TestTypes.Unit.UnitTestExecuter.GetTypeInfo(Type type, Boolean checkAlreadyExaminedType)
   at Microsoft.VisualStudio.TestTools.TestTypes.Unit.UnitTestExecuter.ResolveMethods()
   at Microsoft.VisualStudio.TestTools.TestTypes.Unit.UnitTestExecuter.Initialize(UnitTestResult result, UnitTestRunner runner, ConsoleOutputRedirector redirector)
   at Microsoft.VisualStudio.TestTools.TestTypes.Unit.UnitTestRunner.Run(UnitTestElement test, ITestContext testContext, Boolean isLoadTest, Boolean useMultipleCpus)

WRN: Assembly binding logging is turned OFF.
To enable assembly bind failure logging, set the registry value [HKLM\Software\Microsoft\Fusion!EnableLog] (DWORD) to 1.
Note: There is some performance penalty associated with assembly bind failure logging.
To turn this feature off, remove the registry value [HKLM\Software\Microsoft\Fusion!EnableLog].

W, 2224, 21, 2011/12/24, 12:19:12.192, MATT-PC\QTAgent32.exe, Getting custom attributes for type System.RuntimeType threw exception (will ignore and use the reflection way): System.IO.FileLoadException: Could not load file or assembly 'Facebook.Web.Mvc, Version=5.3.2.0, Culture=neutral, PublicKeyToken=58cb4f2111d1e6de' or one of its dependencies. The located assembly's manifest definition does not match the assembly reference. (Exception from HRESULT: 0x80131040)
File name: 'Facebook.Web.Mvc, Version=5.3.2.0, Culture=neutral, PublicKeyToken=58cb4f2111d1e6de'
   at System.ModuleHandle.ResolveType(RuntimeModule module, Int32 typeToken, IntPtr* typeInstArgs, Int32 typeInstCount, IntPtr* methodInstArgs, Int32 methodInstCount, ObjectHandleOnStack type)
   at System.ModuleHandle.ResolveTypeHandleInternal(RuntimeModule module, Int32 typeToken, RuntimeTypeHandle[] typeInstantiationContext, RuntimeTypeHandle[] methodInstantiationContext)
   at System.Reflection.RuntimeModule.ResolveType(Int32 metadataToken, Type[] genericTypeArguments, Type[] genericMethodArguments)
   at System.Reflection.CustomAttribute.FilterCustomAttributeRecord(CustomAttributeRecord caRecord, MetadataImport scope, Assembly&amp; lastAptcaOkAssembly, RuntimeModule decoratedModule, MetadataToken decoratedToken, RuntimeType attributeFilterType, Boolean mustBeInheritable, Object[] attributes, IList derivedAttributes, RuntimeType&amp; attributeType, IRuntimeMethodInfo&amp; ctor, Boolean&amp; ctorHasParameters, Boolean&amp; isVarArg)
   at System.Reflection.CustomAttribute.GetCustomAttributes(RuntimeModule decoratedModule, Int32 decoratedMetadataToken, Int32 pcaCount, RuntimeType attributeFilterType, Boolean mustBeInheritable, IList derivedAttributes, Boolean isDecoratedTargetSecurityTransparent)
   at System.Reflection.CustomAttribute.GetCustomAttributes(RuntimeType type, RuntimeType caType, Boolean inherit)
   at System.RuntimeType.GetCustomAttributes(Boolean inherit)
   at Microsoft.VisualStudio.TestTools.Common.ReflectHelper.GetAttributes(MemberInfo info, Boolean bInherit)

WRN: Assembly binding logging is turned OFF.
To enable assembly bind failure logging, set the registry value [HKLM\Software\Microsoft\Fusion!EnableLog] (DWORD) to 1.
Note: There is some performance penalty associated with assembly bind failure logging.
To turn this feature off, remove the registry value [HKLM\Software\Microsoft\Fusion!EnableLog].

E, 2224, 21, 2011/12/24, 12:19:12.193, MATT-PC\QTAgent32.exe, Unit Test Executor threw an exception. Most likely the test run was aborted by the user or the framework:System.IO.FileLoadException: Could not load file or assembly 'Facebook.Web.Mvc, Version=5.3.2.0, Culture=neutral, PublicKeyToken=58cb4f2111d1e6de' or one of its dependencies. The located assembly's manifest definition does not match the assembly reference. (Exception from HRESULT: 0x80131040)
File name: 'Facebook.Web.Mvc, Version=5.3.2.0, Culture=neutral, PublicKeyToken=58cb4f2111d1e6de'
   at System.ModuleHandle.ResolveType(RuntimeModule module, Int32 typeToken, IntPtr* typeInstArgs, Int32 typeInstCount, IntPtr* methodInstArgs, Int32 methodInstCount, ObjectHandleOnStack type)
   at System.ModuleHandle.ResolveTypeHandleInternal(RuntimeModule module, Int32 typeToken, RuntimeTypeHandle[] typeInstantiationContext, RuntimeTypeHandle[] methodInstantiationContext)
   at System.Reflection.RuntimeModule.ResolveType(Int32 metadataToken, Type[] genericTypeArguments, Type[] genericMethodArguments)
   at System.Reflection.CustomAttribute.FilterCustomAttributeRecord(CustomAttributeRecord caRecord, MetadataImport scope, Assembly&amp; lastAptcaOkAssembly, RuntimeModule decoratedModule, MetadataToken decoratedToken, RuntimeType attributeFilterType, Boolean mustBeInheritable, Object[] attributes, IList derivedAttributes, RuntimeType&amp; attributeType, IRuntimeMethodInfo&amp; ctor, Boolean&amp; ctorHasParameters, Boolean&amp; isVarArg)
   at System.Reflection.CustomAttribute.IsCustomAttributeDefined(RuntimeModule decoratedModule, Int32 decoratedMetadataToken, RuntimeType attributeFilterType, Boolean mustBeInheritable)
   at System.Reflection.CustomAttribute.IsDefined(RuntimeType type, RuntimeType caType, Boolean inherit)
   at System.RuntimeType.IsDefined(Type attributeType, Boolean inherit)
   at Microsoft.VisualStudio.TestTools.TestTypes.Unit.UnitTestExecuter.GetAssemblyInfo(Assembly assembly)
   at Microsoft.VisualStudio.TestTools.TestTypes.Unit.UnitTestExecuter.GetTypeInfo(Type type, Boolean checkAlreadyExaminedType)
   at Microsoft.VisualStudio.TestTools.TestTypes.Unit.UnitTestExecuter.ResolveMethods()
   at Microsoft.VisualStudio.TestTools.TestTypes.Unit.UnitTestExecuter.Initialize(UnitTestResult result, UnitTestRunner runner, ConsoleOutputRedirector redirector)

WRN: Assembly binding logging is turned OFF.
To enable assembly bind failure logging, set the registry value [HKLM\Software\Microsoft\Fusion!EnableLog] (DWORD) to 1.
Note: There is some performance penalty associated with assembly bind failure logging.
To turn this feature off, remove the registry value [HKLM\Software\Microsoft\Fusion!EnableLog].

E, 2224, 21, 2011/12/24, 12:19:12.193, MATT-PC\QTAgent32.exe, Unit Test Adapter threw exception: System.IO.FileLoadException: Could not load file or assembly 'Facebook.Web.Mvc, Version=5.3.2.0, Culture=neutral, PublicKeyToken=58cb4f2111d1e6de' or one of its dependencies. The located assembly's manifest definition does not match the assembly reference. (Exception from HRESULT: 0x80131040)
File name: 'Facebook.Web.Mvc, Version=5.3.2.0, Culture=neutral, PublicKeyToken=58cb4f2111d1e6de'
   at System.ModuleHandle.ResolveType(RuntimeModule module, Int32 typeToken, IntPtr* typeInstArgs, Int32 typeInstCount, IntPtr* methodInstArgs, Int32 methodInstCount, ObjectHandleOnStack type)
   at System.ModuleHandle.ResolveTypeHandleInternal(RuntimeModule module, Int32 typeToken, RuntimeTypeHandle[] typeInstantiationContext, RuntimeTypeHandle[] methodInstantiationContext)
   at System.Reflection.RuntimeModule.ResolveType(Int32 metadataToken, Type[] genericTypeArguments, Type[] genericMethodArguments)
   at System.Reflection.CustomAttribute.FilterCustomAttributeRecord(CustomAttributeRecord caRecord, MetadataImport scope, Assembly&amp; lastAptcaOkAssembly, RuntimeModule decoratedModule, MetadataToken decoratedToken, RuntimeType attributeFilterType, Boolean mustBeInheritable, Object[] attributes, IList derivedAttributes, RuntimeType&amp; attributeType, IRuntimeMethodInfo&amp; ctor, Boolean&amp; ctorHasParameters, Boolean&amp; isVarArg)
   at System.Reflection.CustomAttribute.IsCustomAttributeDefined(RuntimeModule decoratedModule, Int32 decoratedMetadataToken, RuntimeType attributeFilterType, Boolean mustBeInheritable)
   at System.Reflection.CustomAttribute.IsDefined(RuntimeType type, RuntimeType caType, Boolean inherit)
   at System.RuntimeType.IsDefined(Type attributeType, Boolean inherit)
   at Microsoft.VisualStudio.TestTools.TestTypes.Unit.UnitTestExecuter.GetAssemblyInfo(Assembly assembly)
   at Microsoft.VisualStudio.TestTools.TestTypes.Unit.UnitTestExecuter.GetTypeInfo(Type type, Boolean checkAlreadyExaminedType)
   at Microsoft.VisualStudio.TestTools.TestTypes.Unit.UnitTestExecuter.ResolveMethods()
   at Microsoft.VisualStudio.TestTools.TestTypes.Unit.UnitTestExecuter.Initialize(UnitTestResult result, UnitTestRunner runner, ConsoleOutputRedirector redirector)
   at Microsoft.VisualStudio.TestTools.TestTypes.Unit.UnitTestRunner.Run(UnitTestElement test, ITestContext testContext, Boolean isLoadTest, Boolean useMultipleCpus)

WRN: Assembly binding logging is turned OFF.
To enable assembly bind failure logging, set the registry value [HKLM\Software\Microsoft\Fusion!EnableLog] (DWORD) to 1.
Note: There is some performance penalty associated with assembly bind failure logging.
To turn this feature off, remove the registry value [HKLM\Software\Microsoft\Fusion!EnableLog].

W, 2224, 23, 2011/12/24, 12:19:12.202, MATT-PC\QTAgent32.exe, Getting custom attributes for type System.RuntimeType threw exception (will ignore and use the reflection way): System.IO.FileLoadException: Could not load file or assembly 'Facebook.Web.Mvc, Version=5.3.2.0, Culture=neutral, PublicKeyToken=58cb4f2111d1e6de' or one of its dependencies. The located assembly's manifest definition does not match the assembly reference. (Exception from HRESULT: 0x80131040)
File name: 'Facebook.Web.Mvc, Version=5.3.2.0, Culture=neutral, PublicKeyToken=58cb4f2111d1e6de'
   at System.ModuleHandle.ResolveType(RuntimeModule module, Int32 typeToken, IntPtr* typeInstArgs, Int32 typeInstCount, IntPtr* methodInstArgs, Int32 methodInstCount, ObjectHandleOnStack type)
   at System.ModuleHandle.ResolveTypeHandleInternal(RuntimeModule module, Int32 typeToken, RuntimeTypeHandle[] typeInstantiationContext, RuntimeTypeHandle[] methodInstantiationContext)
   at System.Reflection.RuntimeModule.ResolveType(Int32 metadataToken, Type[] genericTypeArguments, Type[] genericMethodArguments)
   at System.Reflection.CustomAttribute.FilterCustomAttributeRecord(CustomAttributeRecord caRecord, MetadataImport scope, Assembly&amp; lastAptcaOkAssembly, RuntimeModule decoratedModule, MetadataToken decoratedToken, RuntimeType attributeFilterType, Boolean mustBeInheritable, Object[] attributes, IList derivedAttributes, RuntimeType&amp; attributeType, IRuntimeMethodInfo&amp; ctor, Boolean&amp; ctorHasParameters, Boolean&amp; isVarArg)
   at System.Reflection.CustomAttribute.GetCustomAttributes(RuntimeModule decoratedModule, Int32 decoratedMetadataToken, Int32 pcaCount, RuntimeType attributeFilterType, Boolean mustBeInheritable, IList derivedAttributes, Boolean isDecoratedTargetSecurityTransparent)
   at System.Reflection.CustomAttribute.GetCustomAttributes(RuntimeType type, RuntimeType caType, Boolean inherit)
   at System.RuntimeType.GetCustomAttributes(Boolean inherit)
   at Microsoft.VisualStudio.TestTools.Common.ReflectHelper.GetAttributes(MemberInfo info, Boolean bInherit)

WRN: Assembly binding logging is turned OFF.
To enable assembly bind failure logging, set the registry value [HKLM\Software\Microsoft\Fusion!EnableLog] (DWORD) to 1.
Note: There is some performance penalty associated with assembly bind failure logging.
To turn this feature off, remove the registry value [HKLM\Software\Microsoft\Fusion!EnableLog].

E, 2224, 23, 2011/12/24, 12:19:12.202, MATT-PC\QTAgent32.exe, Unit Test Executor threw an exception. Most likely the test run was aborted by the user or the framework:System.IO.FileLoadException: Could not load file or assembly 'Facebook.Web.Mvc, Version=5.3.2.0, Culture=neutral, PublicKeyToken=58cb4f2111d1e6de' or one of its dependencies. The located assembly's manifest definition does not match the assembly reference. (Exception from HRESULT: 0x80131040)
File name: 'Facebook.Web.Mvc, Version=5.3.2.0, Culture=neutral, PublicKeyToken=58cb4f2111d1e6de'
   at System.ModuleHandle.ResolveType(RuntimeModule module, Int32 typeToken, IntPtr* typeInstArgs, Int32 typeInstCount, IntPtr* methodInstArgs, Int32 methodInstCount, ObjectHandleOnStack type)
   at System.ModuleHandle.ResolveTypeHandleInternal(RuntimeModule module, Int32 typeToken, RuntimeTypeHandle[] typeInstantiationContext, RuntimeTypeHandle[] methodInstantiationContext)
   at System.Reflection.RuntimeModule.ResolveType(Int32 metadataToken, Type[] genericTypeArguments, Type[] genericMethodArguments)
   at System.Reflection.CustomAttribute.FilterCustomAttributeRecord(CustomAttributeRecord caRecord, MetadataImport scope, Assembly&amp; lastAptcaOkAssembly, RuntimeModule decoratedModule, MetadataToken decoratedToken, RuntimeType attributeFilterType, Boolean mustBeInheritable, Object[] attributes, IList derivedAttributes, RuntimeType&amp; attributeType, IRuntimeMethodInfo&amp; ctor, Boolean&amp; ctorHasParameters, Boolean&amp; isVarArg)
   at System.Reflection.CustomAttribute.IsCustomAttributeDefined(RuntimeModule decoratedModule, Int32 decoratedMetadataToken, RuntimeType attributeFilterType, Boolean mustBeInheritable)
   at System.Reflection.CustomAttribute.IsDefined(RuntimeType type, RuntimeType caType, Boolean inherit)
   at System.RuntimeType.IsDefined(Type attributeType, Boolean inherit)
   at Microsoft.VisualStudio.TestTools.TestTypes.Unit.UnitTestExecuter.GetAssemblyInfo(Assembly assembly)
   at Microsoft.VisualStudio.TestTools.TestTypes.Unit.UnitTestExecuter.GetTypeInfo(Type type, Boolean checkAlreadyExaminedType)
   at Microsoft.VisualStudio.TestTools.TestTypes.Unit.UnitTestExecuter.ResolveMethods()
   at Microsoft.VisualStudio.TestTools.TestTypes.Unit.UnitTestExecuter.Initialize(UnitTestResult result, UnitTestRunner runner, ConsoleOutputRedirector redirector)

WRN: Assembly binding logging is turned OFF.
To enable assembly bind failure logging, set the registry value [HKLM\Software\Microsoft\Fusion!EnableLog] (DWORD) to 1.
Note: There is some performance penalty associated with assembly bind failure logging.
To turn this feature off, remove the registry value [HKLM\Software\Microsoft\Fusion!EnableLog].

E, 2224, 23, 2011/12/24, 12:19:12.203, MATT-PC\QTAgent32.exe, Unit Test Adapter threw exception: System.IO.FileLoadException: Could not load file or assembly 'Facebook.Web.Mvc, Version=5.3.2.0, Culture=neutral, PublicKeyToken=58cb4f2111d1e6de' or one of its dependencies. The located assembly's manifest definition does not match the assembly reference. (Exception from HRESULT: 0x80131040)
File name: 'Facebook.Web.Mvc, Version=5.3.2.0, Culture=neutral, PublicKeyToken=58cb4f2111d1e6de'
   at System.ModuleHandle.ResolveType(RuntimeModule module, Int32 typeToken, IntPtr* typeInstArgs, Int32 typeInstCount, IntPtr* methodInstArgs, Int32 methodInstCount, ObjectHandleOnStack type)
   at System.ModuleHandle.ResolveTypeHandleInternal(RuntimeModule module, Int32 typeToken, RuntimeTypeHandle[] typeInstantiationContext, RuntimeTypeHandle[] methodInstantiationContext)
   at System.Reflection.RuntimeModule.ResolveType(Int32 metadataToken, Type[] genericTypeArguments, Type[] genericMethodArguments)
   at System.Reflection.CustomAttribute.FilterCustomAttributeRecord(CustomAttributeRecord caRecord, MetadataImport scope, Assembly&amp; lastAptcaOkAssembly, RuntimeModule decoratedModule, MetadataToken decoratedToken, RuntimeType attributeFilterType, Boolean mustBeInheritable, Object[] attributes, IList derivedAttributes, RuntimeType&amp; attributeType, IRuntimeMethodInfo&amp; ctor, Boolean&amp; ctorHasParameters, Boolean&amp; isVarArg)
   at System.Reflection.CustomAttribute.IsCustomAttributeDefined(RuntimeModule decoratedModule, Int32 decoratedMetadataToken, RuntimeType attributeFilterType, Boolean mustBeInheritable)
   at System.Reflection.CustomAttribute.IsDefined(RuntimeType type, RuntimeType caType, Boolean inherit)
   at System.RuntimeType.IsDefined(Type attributeType, Boolean inherit)
   at Microsoft.VisualStudio.TestTools.TestTypes.Unit.UnitTestExecuter.GetAssemblyInfo(Assembly assembly)
   at Microsoft.VisualStudio.TestTools.TestTypes.Unit.UnitTestExecuter.GetTypeInfo(Type type, Boolean checkAlreadyExaminedType)
   at Microsoft.VisualStudio.TestTools.TestTypes.Unit.UnitTestExecuter.ResolveMethods()
   at Microsoft.VisualStudio.TestTools.TestTypes.Unit.UnitTestExecuter.Initialize(UnitTestResult result, UnitTestRunner runner, ConsoleOutputRedirector redirector)
   at Microsoft.VisualStudio.TestTools.TestTypes.Unit.UnitTestRunner.Run(UnitTestElement test, ITestContext testContext, Boolean isLoadTest, Boolean useMultipleCpus)

WRN: Assembly binding logging is turned OFF.
To enable assembly bind failure logging, set the registry value [HKLM\Software\Microsoft\Fusion!EnableLog] (DWORD) to 1.
Note: There is some performance penalty associated with assembly bind failure logging.
To turn this feature off, remove the registry value [HKLM\Software\Microsoft\Fusion!EnableLog].

W, 2224, 25, 2011/12/24, 12:19:12.224, MATT-PC\QTAgent32.exe, Getting custom attributes for type System.RuntimeType threw exception (will ignore and use the reflection way): System.IO.FileLoadException: Could not load file or assembly 'Facebook.Web.Mvc, Version=5.3.2.0, Culture=neutral, PublicKeyToken=58cb4f2111d1e6de' or one of its dependencies. The located assembly's manifest definition does not match the assembly reference. (Exception from HRESULT: 0x80131040)
File name: 'Facebook.Web.Mvc, Version=5.3.2.0, Culture=neutral, PublicKeyToken=58cb4f2111d1e6de'
   at System.ModuleHandle.ResolveType(RuntimeModule module, Int32 typeToken, IntPtr* typeInstArgs, Int32 typeInstCount, IntPtr* methodInstArgs, Int32 methodInstCount, ObjectHandleOnStack type)
   at System.ModuleHandle.ResolveTypeHandleInternal(RuntimeModule module, Int32 typeToken, RuntimeTypeHandle[] typeInstantiationContext, RuntimeTypeHandle[] methodInstantiationContext)
   at System.Reflection.RuntimeModule.ResolveType(Int32 metadataToken, Type[] genericTypeArguments, Type[] genericMethodArguments)
   at System.Reflection.CustomAttribute.FilterCustomAttributeRecord(CustomAttributeRecord caRecord, MetadataImport scope, Assembly&amp; lastAptcaOkAssembly, RuntimeModule decoratedModule, MetadataToken decoratedToken, RuntimeType attributeFilterType, Boolean mustBeInheritable, Object[] attributes, IList derivedAttributes, RuntimeType&amp; attributeType, IRuntimeMethodInfo&amp; ctor, Boolean&amp; ctorHasParameters, Boolean&amp; isVarArg)
   at System.Reflection.CustomAttribute.GetCustomAttributes(RuntimeModule decoratedModule, Int32 decoratedMetadataToken, Int32 pcaCount, RuntimeType attributeFilterType, Boolean mustBeInheritable, IList derivedAttributes, Boolean isDecoratedTargetSecurityTransparent)
   at System.Reflection.CustomAttribute.GetCustomAttributes(RuntimeType type, RuntimeType caType, Boolean inherit)
   at System.RuntimeType.GetCustomAttributes(Boolean inherit)
   at Microsoft.VisualStudio.TestTools.Common.ReflectHelper.GetAttributes(MemberInfo info, Boolean bInherit)

WRN: Assembly binding logging is turned OFF.
To enable assembly bind failure logging, set the registry value [HKLM\Software\Microsoft\Fusion!EnableLog] (DWORD) to 1.
Note: There is some performance penalty associated with assembly bind failure logging.
To turn this feature off, remove the registry value [HKLM\Software\Microsoft\Fusion!EnableLog].

E, 2224, 25, 2011/12/24, 12:19:12.225, MATT-PC\QTAgent32.exe, Unit Test Executor threw an exception. Most likely the test run was aborted by the user or the framework:System.IO.FileLoadException: Could not load file or assembly 'Facebook.Web.Mvc, Version=5.3.2.0, Culture=neutral, PublicKeyToken=58cb4f2111d1e6de' or one of its dependencies. The located assembly's manifest definition does not match the assembly reference. (Exception from HRESULT: 0x80131040)
File name: 'Facebook.Web.Mvc, Version=5.3.2.0, Culture=neutral, PublicKeyToken=58cb4f2111d1e6de'
   at System.ModuleHandle.ResolveType(RuntimeModule module, Int32 typeToken, IntPtr* typeInstArgs, Int32 typeInstCount, IntPtr* methodInstArgs, Int32 methodInstCount, ObjectHandleOnStack type)
   at System.ModuleHandle.ResolveTypeHandleInternal(RuntimeModule module, Int32 typeToken, RuntimeTypeHandle[] typeInstantiationContext, RuntimeTypeHandle[] methodInstantiationContext)
   at System.Reflection.RuntimeModule.ResolveType(Int32 metadataToken, Type[] genericTypeArguments, Type[] genericMethodArguments)
   at System.Reflection.CustomAttribute.FilterCustomAttributeRecord(CustomAttributeRecord caRecord, MetadataImport scope, Assembly&amp; lastAptcaOkAssembly, RuntimeModule decoratedModule, MetadataToken decoratedToken, RuntimeType attributeFilterType, Boolean mustBeInheritable, Object[] attributes, IList derivedAttributes, RuntimeType&amp; attributeType, IRuntimeMethodInfo&amp; ctor, Boolean&amp; ctorHasParameters, Boolean&amp; isVarArg)
   at System.Reflection.CustomAttribute.IsCustomAttributeDefined(RuntimeModule decoratedModule, Int32 decoratedMetadataToken, RuntimeType attributeFilterType, Boolean mustBeInheritable)
   at System.Reflection.CustomAttribute.IsDefined(RuntimeType type, RuntimeType caType, Boolean inherit)
   at System.RuntimeType.IsDefined(Type attributeType, Boolean inherit)
   at Microsoft.VisualStudio.TestTools.TestTypes.Unit.UnitTestExecuter.GetAssemblyInfo(Assembly assembly)
   at Microsoft.VisualStudio.TestTools.TestTypes.Unit.UnitTestExecuter.GetTypeInfo(Type type, Boolean checkAlreadyExaminedType)
   at Microsoft.VisualStudio.TestTools.TestTypes.Unit.UnitTestExecuter.ResolveMethods()
   at Microsoft.VisualStudio.TestTools.TestTypes.Unit.UnitTestExecuter.Initialize(UnitTestResult result, UnitTestRunner runner, ConsoleOutputRedirector redirector)

WRN: Assembly binding logging is turned OFF.
To enable assembly bind failure logging, set the registry value [HKLM\Software\Microsoft\Fusion!EnableLog] (DWORD) to 1.
Note: There is some performance penalty associated with assembly bind failure logging.
To turn this feature off, remove the registry value [HKLM\Software\Microsoft\Fusion!EnableLog].

E, 2224, 25, 2011/12/24, 12:19:12.226, MATT-PC\QTAgent32.exe, Unit Test Adapter threw exception: System.IO.FileLoadException: Could not load file or assembly 'Facebook.Web.Mvc, Version=5.3.2.0, Culture=neutral, PublicKeyToken=58cb4f2111d1e6de' or one of its dependencies. The located assembly's manifest definition does not match the assembly reference. (Exception from HRESULT: 0x80131040)
File name: 'Facebook.Web.Mvc, Version=5.3.2.0, Culture=neutral, PublicKeyToken=58cb4f2111d1e6de'
   at System.ModuleHandle.ResolveType(RuntimeModule module, Int32 typeToken, IntPtr* typeInstArgs, Int32 typeInstCount, IntPtr* methodInstArgs, Int32 methodInstCount, ObjectHandleOnStack type)
   at System.ModuleHandle.ResolveTypeHandleInternal(RuntimeModule module, Int32 typeToken, RuntimeTypeHandle[] typeInstantiationContext, RuntimeTypeHandle[] methodInstantiationContext)
   at System.Reflection.RuntimeModule.ResolveType(Int32 metadataToken, Type[] genericTypeArguments, Type[] genericMethodArguments)
   at System.Reflection.CustomAttribute.FilterCustomAttributeRecord(CustomAttributeRecord caRecord, MetadataImport scope, Assembly&amp; lastAptcaOkAssembly, RuntimeModule decoratedModule, MetadataToken decoratedToken, RuntimeType attributeFilterType, Boolean mustBeInheritable, Object[] attributes, IList derivedAttributes, RuntimeType&amp; attributeType, IRuntimeMethodInfo&amp; ctor, Boolean&amp; ctorHasParameters, Boolean&amp; isVarArg)
   at System.Reflection.CustomAttribute.IsCustomAttributeDefined(RuntimeModule decoratedModule, Int32 decoratedMetadataToken, RuntimeType attributeFilterType, Boolean mustBeInheritable)
   at System.Reflection.CustomAttribute.IsDefined(RuntimeType type, RuntimeType caType, Boolean inherit)
   at System.RuntimeType.IsDefined(Type attributeType, Boolean inherit)
   at Microsoft.VisualStudio.TestTools.TestTypes.Unit.UnitTestExecuter.GetAssemblyInfo(Assembly assembly)
   at Microsoft.VisualStudio.TestTools.TestTypes.Unit.UnitTestExecuter.GetTypeInfo(Type type, Boolean checkAlreadyExaminedType)
   at Microsoft.VisualStudio.TestTools.TestTypes.Unit.UnitTestExecuter.ResolveMethods()
   at Microsoft.VisualStudio.TestTools.TestTypes.Unit.UnitTestExecuter.Initialize(UnitTestResult result, UnitTestRunner runner, ConsoleOutputRedirector redirector)
   at Microsoft.VisualStudio.TestTools.TestTypes.Unit.UnitTestRunner.Run(UnitTestElement test, ITestContext testContext, Boolean isLoadTest, Boolean useMultipleCpus)

WRN: Assembly binding logging is turned OFF.
To enable assembly bind failure logging, set the registry value [HKLM\Software\Microsoft\Fusion!EnableLog] (DWORD) to 1.
Note: There is some performance penalty associated with assembly bind failure logging.
To turn this feature off, remove the registry value [HKLM\Software\Microsoft\Fusion!EnableLog].

W, 2224, 21, 2011/12/24, 12:19:12.238, MATT-PC\QTAgent32.exe, Getting custom attributes for type System.RuntimeType threw exception (will ignore and use the reflection way): System.IO.FileLoadException: Could not load file or assembly 'Facebook.Web.Mvc, Version=5.3.2.0, Culture=neutral, PublicKeyToken=58cb4f2111d1e6de' or one of its dependencies. The located assembly's manifest definition does not match the assembly reference. (Exception from HRESULT: 0x80131040)
File name: 'Facebook.Web.Mvc, Version=5.3.2.0, Culture=neutral, PublicKeyToken=58cb4f2111d1e6de'
   at System.ModuleHandle.ResolveType(RuntimeModule module, Int32 typeToken, IntPtr* typeInstArgs, Int32 typeInstCount, IntPtr* methodInstArgs, Int32 methodInstCount, ObjectHandleOnStack type)
   at System.ModuleHandle.ResolveTypeHandleInternal(RuntimeModule module, Int32 typeToken, RuntimeTypeHandle[] typeInstantiationContext, RuntimeTypeHandle[] methodInstantiationContext)
   at System.Reflection.RuntimeModule.ResolveType(Int32 metadataToken, Type[] genericTypeArguments, Type[] genericMethodArguments)
   at System.Reflection.CustomAttribute.FilterCustomAttributeRecord(CustomAttributeRecord caRecord, MetadataImport scope, Assembly&amp; lastAptcaOkAssembly, RuntimeModule decoratedModule, MetadataToken decoratedToken, RuntimeType attributeFilterType, Boolean mustBeInheritable, Object[] attributes, IList derivedAttributes, RuntimeType&amp; attributeType, IRuntimeMethodInfo&amp; ctor, Boolean&amp; ctorHasParameters, Boolean&amp; isVarArg)
   at System.Reflection.CustomAttribute.GetCustomAttributes(RuntimeModule decoratedModule, Int32 decoratedMetadataToken, Int32 pcaCount, RuntimeType attributeFilterType, Boolean mustBeInheritable, IList derivedAttributes, Boolean isDecoratedTargetSecurityTransparent)
   at System.Reflection.CustomAttribute.GetCustomAttributes(RuntimeType type, RuntimeType caType, Boolean inherit)
   at System.RuntimeType.GetCustomAttributes(Boolean inherit)
   at Microsoft.VisualStudio.TestTools.Common.ReflectHelper.GetAttributes(MemberInfo info, Boolean bInherit)

WRN: Assembly binding logging is turned OFF.
To enable assembly bind failure logging, set the registry value [HKLM\Software\Microsoft\Fusion!EnableLog] (DWORD) to 1.
Note: There is some performance penalty associated with assembly bind failure logging.
To turn this feature off, remove the registry value [HKLM\Software\Microsoft\Fusion!EnableLog].

E, 2224, 21, 2011/12/24, 12:19:12.239, MATT-PC\QTAgent32.exe, Unit Test Executor threw an exception. Most likely the test run was aborted by the user or the framework:System.IO.FileLoadException: Could not load file or assembly 'Facebook.Web.Mvc, Version=5.3.2.0, Culture=neutral, PublicKeyToken=58cb4f2111d1e6de' or one of its dependencies. The located assembly's manifest definition does not match the assembly reference. (Exception from HRESULT: 0x80131040)
File name: 'Facebook.Web.Mvc, Version=5.3.2.0, Culture=neutral, PublicKeyToken=58cb4f2111d1e6de'
   at System.ModuleHandle.ResolveType(RuntimeModule module, Int32 typeToken, IntPtr* typeInstArgs, Int32 typeInstCount, IntPtr* methodInstArgs, Int32 methodInstCount, ObjectHandleOnStack type)
   at System.ModuleHandle.ResolveTypeHandleInternal(RuntimeModule module, Int32 typeToken, RuntimeTypeHandle[] typeInstantiationContext, RuntimeTypeHandle[] methodInstantiationContext)
   at System.Reflection.RuntimeModule.ResolveType(Int32 metadataToken, Type[] genericTypeArguments, Type[] genericMethodArguments)
   at System.Reflection.CustomAttribute.FilterCustomAttributeRecord(CustomAttributeRecord caRecord, MetadataImport scope, Assembly&amp; lastAptcaOkAssembly, RuntimeModule decoratedModule, MetadataToken decoratedToken, RuntimeType attributeFilterType, Boolean mustBeInheritable, Object[] attributes, IList derivedAttributes, RuntimeType&amp; attributeType, IRuntimeMethodInfo&amp; ctor, Boolean&amp; ctorHasParameters, Boolean&amp; isVarArg)
   at System.Reflection.CustomAttribute.IsCustomAttributeDefined(RuntimeModule decoratedModule, Int32 decoratedMetadataToken, RuntimeType attributeFilterType, Boolean mustBeInheritable)
   at System.Reflection.CustomAttribute.IsDefined(RuntimeType type, RuntimeType caType, Boolean inherit)
   at System.RuntimeType.IsDefined(Type attributeType, Boolean inherit)
   at Microsoft.VisualStudio.TestTools.TestTypes.Unit.UnitTestExecuter.GetAssemblyInfo(Assembly assembly)
   at Microsoft.VisualStudio.TestTools.TestTypes.Unit.UnitTestExecuter.GetTypeInfo(Type type, Boolean checkAlreadyExaminedType)
   at Microsoft.VisualStudio.TestTools.TestTypes.Unit.UnitTestExecuter.ResolveMethods()
   at Microsoft.VisualStudio.TestTools.TestTypes.Unit.UnitTestExecuter.Initialize(UnitTestResult result, UnitTestRunner runner, ConsoleOutputRedirector redirector)

WRN: Assembly binding logging is turned OFF.
To enable assembly bind failure logging, set the registry value [HKLM\Software\Microsoft\Fusion!EnableLog] (DWORD) to 1.
Note: There is some performance penalty associated with assembly bind failure logging.
To turn this feature off, remove the registry value [HKLM\Software\Microsoft\Fusion!EnableLog].

E, 2224, 21, 2011/12/24, 12:19:12.240, MATT-PC\QTAgent32.exe, Unit Test Adapter threw exception: System.IO.FileLoadException: Could not load file or assembly 'Facebook.Web.Mvc, Version=5.3.2.0, Culture=neutral, PublicKeyToken=58cb4f2111d1e6de' or one of its dependencies. The located assembly's manifest definition does not match the assembly reference. (Exception from HRESULT: 0x80131040)
File name: 'Facebook.Web.Mvc, Version=5.3.2.0, Culture=neutral, PublicKeyToken=58cb4f2111d1e6de'
   at System.ModuleHandle.ResolveType(RuntimeModule module, Int32 typeToken, IntPtr* typeInstArgs, Int32 typeInstCount, IntPtr* methodInstArgs, Int32 methodInstCount, ObjectHandleOnStack type)
   at System.ModuleHandle.ResolveTypeHandleInternal(RuntimeModule module, Int32 typeToken, RuntimeTypeHandle[] typeInstantiationContext, RuntimeTypeHandle[] methodInstantiationContext)
   at System.Reflection.RuntimeModule.ResolveType(Int32 metadataToken, Type[] genericTypeArguments, Type[] genericMethodArguments)
   at System.Reflection.CustomAttribute.FilterCustomAttributeRecord(CustomAttributeRecord caRecord, MetadataImport scope, Assembly&amp; lastAptcaOkAssembly, RuntimeModule decoratedModule, MetadataToken decoratedToken, RuntimeType attributeFilterType, Boolean mustBeInheritable, Object[] attributes, IList derivedAttributes, RuntimeType&amp; attributeType, IRuntimeMethodInfo&amp; ctor, Boolean&amp; ctorHasParameters, Boolean&amp; isVarArg)
   at System.Reflection.CustomAttribute.IsCustomAttributeDefined(RuntimeModule decoratedModule, Int32 decoratedMetadataToken, RuntimeType attributeFilterType, Boolean mustBeInheritable)
   at System.Reflection.CustomAttribute.IsDefined(RuntimeType type, RuntimeType caType, Boolean inherit)
   at System.RuntimeType.IsDefined(Type attributeType, Boolean inherit)
   at Microsoft.VisualStudio.TestTools.TestTypes.Unit.UnitTestExecuter.GetAssemblyInfo(Assembly assembly)
   at Microsoft.VisualStudio.TestTools.TestTypes.Unit.UnitTestExecuter.GetTypeInfo(Type type, Boolean checkAlreadyExaminedType)
   at Microsoft.VisualStudio.TestTools.TestTypes.Unit.UnitTestExecuter.ResolveMethods()
   at Microsoft.VisualStudio.TestTools.TestTypes.Unit.UnitTestExecuter.Initialize(UnitTestResult result, UnitTestRunner runner, ConsoleOutputRedirector redirector)
   at Microsoft.VisualStudio.TestTools.TestTypes.Unit.UnitTestRunner.Run(UnitTestElement test, ITestContext testContext, Boolean isLoadTest, Boolean useMultipleCpus)

WRN: Assembly binding logging is turned OFF.
To enable assembly bind failure logging, set the registry value [HKLM\Software\Microsoft\Fusion!EnableLog] (DWORD) to 1.
Note: There is some performance penalty associated with assembly bind failure logging.
To turn this feature off, remove the registry value [HKLM\Software\Microsoft\Fusion!EnableLog].

W, 2224, 14, 2011/12/24, 12:19:12.248, MATT-PC\QTAgent32.exe, Getting custom attributes for type System.RuntimeType threw exception (will ignore and use the reflection way): System.IO.FileLoadException: Could not load file or assembly 'Facebook.Web.Mvc, Version=5.3.2.0, Culture=neutral, PublicKeyToken=58cb4f2111d1e6de' or one of its dependencies. The located assembly's manifest definition does not match the assembly reference. (Exception from HRESULT: 0x80131040)
File name: 'Facebook.Web.Mvc, Version=5.3.2.0, Culture=neutral, PublicKeyToken=58cb4f2111d1e6de'
   at System.ModuleHandle.ResolveType(RuntimeModule module, Int32 typeToken, IntPtr* typeInstArgs, Int32 typeInstCount, IntPtr* methodInstArgs, Int32 methodInstCount, ObjectHandleOnStack type)
   at System.ModuleHandle.ResolveTypeHandleInternal(RuntimeModule module, Int32 typeToken, RuntimeTypeHandle[] typeInstantiationContext, RuntimeTypeHandle[] methodInstantiationContext)
   at System.Reflection.RuntimeModule.ResolveType(Int32 metadataToken, Type[] genericTypeArguments, Type[] genericMethodArguments)
   at System.Reflection.CustomAttribute.FilterCustomAttributeRecord(CustomAttributeRecord caRecord, MetadataImport scope, Assembly&amp; lastAptcaOkAssembly, RuntimeModule decoratedModule, MetadataToken decoratedToken, RuntimeType attributeFilterType, Boolean mustBeInheritable, Object[] attributes, IList derivedAttributes, RuntimeType&amp; attributeType, IRuntimeMethodInfo&amp; ctor, Boolean&amp; ctorHasParameters, Boolean&amp; isVarArg)
   at System.Reflection.CustomAttribute.GetCustomAttributes(RuntimeModule decoratedModule, Int32 decoratedMetadataToken, Int32 pcaCount, RuntimeType attributeFilterType, Boolean mustBeInheritable, IList derivedAttributes, Boolean isDecoratedTargetSecurityTransparent)
   at System.Reflection.CustomAttribute.GetCustomAttributes(RuntimeType type, RuntimeType caType, Boolean inherit)
   at System.RuntimeType.GetCustomAttributes(Boolean inherit)
   at Microsoft.VisualStudio.TestTools.Common.ReflectHelper.GetAttributes(MemberInfo info, Boolean bInherit)

WRN: Assembly binding logging is turned OFF.
To enable assembly bind failure logging, set the registry value [HKLM\Software\Microsoft\Fusion!EnableLog] (DWORD) to 1.
Note: There is some performance penalty associated with assembly bind failure logging.
To turn this feature off, remove the registry value [HKLM\Software\Microsoft\Fusion!EnableLog].

E, 2224, 14, 2011/12/24, 12:19:12.249, MATT-PC\QTAgent32.exe, Unit Test Executor threw an exception. Most likely the test run was aborted by the user or the framework:System.IO.FileLoadException: Could not load file or assembly 'Facebook.Web.Mvc, Version=5.3.2.0, Culture=neutral, PublicKeyToken=58cb4f2111d1e6de' or one of its dependencies. The located assembly's manifest definition does not match the assembly reference. (Exception from HRESULT: 0x80131040)
File name: 'Facebook.Web.Mvc, Version=5.3.2.0, Culture=neutral, PublicKeyToken=58cb4f2111d1e6de'
   at System.ModuleHandle.ResolveType(RuntimeModule module, Int32 typeToken, IntPtr* typeInstArgs, Int32 typeInstCount, IntPtr* methodInstArgs, Int32 methodInstCount, ObjectHandleOnStack type)
   at System.ModuleHandle.ResolveTypeHandleInternal(RuntimeModule module, Int32 typeToken, RuntimeTypeHandle[] typeInstantiationContext, RuntimeTypeHandle[] methodInstantiationContext)
   at System.Reflection.RuntimeModule.ResolveType(Int32 metadataToken, Type[] genericTypeArguments, Type[] genericMethodArguments)
   at System.Reflection.CustomAttribute.FilterCustomAttributeRecord(CustomAttributeRecord caRecord, MetadataImport scope, Assembly&amp; lastAptcaOkAssembly, RuntimeModule decoratedModule, MetadataToken decoratedToken, RuntimeType attributeFilterType, Boolean mustBeInheritable, Object[] attributes, IList derivedAttributes, RuntimeType&amp; attributeType, IRuntimeMethodInfo&amp; ctor, Boolean&amp; ctorHasParameters, Boolean&amp; isVarArg)
   at System.Reflection.CustomAttribute.IsCustomAttributeDefined(RuntimeModule decoratedModule, Int32 decoratedMetadataToken, RuntimeType attributeFilterType, Boolean mustBeInheritable)
   at System.Reflection.CustomAttribute.IsDefined(RuntimeType type, RuntimeType caType, Boolean inherit)
   at System.RuntimeType.IsDefined(Type attributeType, Boolean inherit)
   at Microsoft.VisualStudio.TestTools.TestTypes.Unit.UnitTestExecuter.GetAssemblyInfo(Assembly assembly)
   at Microsoft.VisualStudio.TestTools.TestTypes.Unit.UnitTestExecuter.GetTypeInfo(Type type, Boolean checkAlreadyExaminedType)
   at Microsoft.VisualStudio.TestTools.TestTypes.Unit.UnitTestExecuter.ResolveMethods()
   at Microsoft.VisualStudio.TestTools.TestTypes.Unit.UnitTestExecuter.Initialize(UnitTestResult result, UnitTestRunner runner, ConsoleOutputRedirector redirector)

WRN: Assembly binding logging is turned OFF.
To enable assembly bind failure logging, set the registry value [HKLM\Software\Microsoft\Fusion!EnableLog] (DWORD) to 1.
Note: There is some performance penalty associated with assembly bind failure logging.
To turn this feature off, remove the registry value [HKLM\Software\Microsoft\Fusion!EnableLog].

E, 2224, 14, 2011/12/24, 12:19:12.250, MATT-PC\QTAgent32.exe, Unit Test Adapter threw exception: System.IO.FileLoadException: Could not load file or assembly 'Facebook.Web.Mvc, Version=5.3.2.0, Culture=neutral, PublicKeyToken=58cb4f2111d1e6de' or one of its dependencies. The located assembly's manifest definition does not match the assembly reference. (Exception from HRESULT: 0x80131040)
File name: 'Facebook.Web.Mvc, Version=5.3.2.0, Culture=neutral, PublicKeyToken=58cb4f2111d1e6de'
   at System.ModuleHandle.ResolveType(RuntimeModule module, Int32 typeToken, IntPtr* typeInstArgs, Int32 typeInstCount, IntPtr* methodInstArgs, Int32 methodInstCount, ObjectHandleOnStack type)
   at System.ModuleHandle.ResolveTypeHandleInternal(RuntimeModule module, Int32 typeToken, RuntimeTypeHandle[] typeInstantiationContext, RuntimeTypeHandle[] methodInstantiationContext)
   at System.Reflection.RuntimeModule.ResolveType(Int32 metadataToken, Type[] genericTypeArguments, Type[] genericMethodArguments)
   at System.Reflection.CustomAttribute.FilterCustomAttributeRecord(CustomAttributeRecord caRecord, MetadataImport scope, Assembly&amp; lastAptcaOkAssembly, RuntimeModule decoratedModule, MetadataToken decoratedToken, RuntimeType attributeFilterType, Boolean mustBeInheritable, Object[] attributes, IList derivedAttributes, RuntimeType&amp; attributeType, IRuntimeMethodInfo&amp; ctor, Boolean&amp; ctorHasParameters, Boolean&amp; isVarArg)
   at System.Reflection.CustomAttribute.IsCustomAttributeDefined(RuntimeModule decoratedModule, Int32 decoratedMetadataToken, RuntimeType attributeFilterType, Boolean mustBeInheritable)
   at System.Reflection.CustomAttribute.IsDefined(RuntimeType type, RuntimeType caType, Boolean inherit)
   at System.RuntimeType.IsDefined(Type attributeType, Boolean inherit)
   at Microsoft.VisualStudio.TestTools.TestTypes.Unit.UnitTestExecuter.GetAssemblyInfo(Assembly assembly)
   at Microsoft.VisualStudio.TestTools.TestTypes.Unit.UnitTestExecuter.GetTypeInfo(Type type, Boolean checkAlreadyExaminedType)
   at Microsoft.VisualStudio.TestTools.TestTypes.Unit.UnitTestExecuter.ResolveMethods()
   at Microsoft.VisualStudio.TestTools.TestTypes.Unit.UnitTestExecuter.Initialize(UnitTestResult result, UnitTestRunner runner, ConsoleOutputRedirector redirector)
   at Microsoft.VisualStudio.TestTools.TestTypes.Unit.UnitTestRunner.Run(UnitTestElement test, ITestContext testContext, Boolean isLoadTest, Boolean useMultipleCpus)

WRN: Assembly binding logging is turned OFF.
To enable assembly bind failure logging, set the registry value [HKLM\Software\Microsoft\Fusion!EnableLog] (DWORD) to 1.
Note: There is some performance penalty associated with assembly bind failure logging.
To turn this feature off, remove the registry value [HKLM\Software\Microsoft\Fusion!EnableLog].

W, 2224, 27, 2011/12/24, 12:19:12.266, MATT-PC\QTAgent32.exe, Getting custom attributes for type System.RuntimeType threw exception (will ignore and use the reflection way): System.IO.FileLoadException: Could not load file or assembly 'Facebook.Web.Mvc, Version=5.3.2.0, Culture=neutral, PublicKeyToken=58cb4f2111d1e6de' or one of its dependencies. The located assembly's manifest definition does not match the assembly reference. (Exception from HRESULT: 0x80131040)
File name: 'Facebook.Web.Mvc, Version=5.3.2.0, Culture=neutral, PublicKeyToken=58cb4f2111d1e6de'
   at System.ModuleHandle.ResolveType(RuntimeModule module, Int32 typeToken, IntPtr* typeInstArgs, Int32 typeInstCount, IntPtr* methodInstArgs, Int32 methodInstCount, ObjectHandleOnStack type)
   at System.ModuleHandle.ResolveTypeHandleInternal(RuntimeModule module, Int32 typeToken, RuntimeTypeHandle[] typeInstantiationContext, RuntimeTypeHandle[] methodInstantiationContext)
   at System.Reflection.RuntimeModule.ResolveType(Int32 metadataToken, Type[] genericTypeArguments, Type[] genericMethodArguments)
   at System.Reflection.CustomAttribute.FilterCustomAttributeRecord(CustomAttributeRecord caRecord, MetadataImport scope, Assembly&amp; lastAptcaOkAssembly, RuntimeModule decoratedModule, MetadataToken decoratedToken, RuntimeType attributeFilterType, Boolean mustBeInheritable, Object[] attributes, IList derivedAttributes, RuntimeType&amp; attributeType, IRuntimeMethodInfo&amp; ctor, Boolean&amp; ctorHasParameters, Boolean&amp; isVarArg)
   at System.Reflection.CustomAttribute.GetCustomAttributes(RuntimeModule decoratedModule, Int32 decoratedMetadataToken, Int32 pcaCount, RuntimeType attributeFilterType, Boolean mustBeInheritable, IList derivedAttributes, Boolean isDecoratedTargetSecurityTransparent)
   at System.Reflection.CustomAttribute.GetCustomAttributes(RuntimeType type, RuntimeType caType, Boolean inherit)
   at System.RuntimeType.GetCustomAttributes(Boolean inherit)
   at Microsoft.VisualStudio.TestTools.Common.ReflectHelper.GetAttributes(MemberInfo info, Boolean bInherit)

WRN: Assembly binding logging is turned OFF.
To enable assembly bind failure logging, set the registry value [HKLM\Software\Microsoft\Fusion!EnableLog] (DWORD) to 1.
Note: There is some performance penalty associated with assembly bind failure logging.
To turn this feature off, remove the registry value [HKLM\Software\Microsoft\Fusion!EnableLog].

E, 2224, 27, 2011/12/24, 12:19:12.266, MATT-PC\QTAgent32.exe, Unit Test Executor threw an exception. Most likely the test run was aborted by the user or the framework:System.IO.FileLoadException: Could not load file or assembly 'Facebook.Web.Mvc, Version=5.3.2.0, Culture=neutral, PublicKeyToken=58cb4f2111d1e6de' or one of its dependencies. The located assembly's manifest definition does not match the assembly reference. (Exception from HRESULT: 0x80131040)
File name: 'Facebook.Web.Mvc, Version=5.3.2.0, Culture=neutral, PublicKeyToken=58cb4f2111d1e6de'
   at System.ModuleHandle.ResolveType(RuntimeModule module, Int32 typeToken, IntPtr* typeInstArgs, Int32 typeInstCount, IntPtr* methodInstArgs, Int32 methodInstCount, ObjectHandleOnStack type)
   at System.ModuleHandle.ResolveTypeHandleInternal(RuntimeModule module, Int32 typeToken, RuntimeTypeHandle[] typeInstantiationContext, RuntimeTypeHandle[] methodInstantiationContext)
   at System.Reflection.RuntimeModule.ResolveType(Int32 metadataToken, Type[] genericTypeArguments, Type[] genericMethodArguments)
   at System.Reflection.CustomAttribute.FilterCustomAttributeRecord(CustomAttributeRecord caRecord, MetadataImport scope, Assembly&amp; lastAptcaOkAssembly, RuntimeModule decoratedModule, MetadataToken decoratedToken, RuntimeType attributeFilterType, Boolean mustBeInheritable, Object[] attributes, IList derivedAttributes, RuntimeType&amp; attributeType, IRuntimeMethodInfo&amp; ctor, Boolean&amp; ctorHasParameters, Boolean&amp; isVarArg)
   at System.Reflection.CustomAttribute.IsCustomAttributeDefined(RuntimeModule decoratedModule, Int32 decoratedMetadataToken, RuntimeType attributeFilterType, Boolean mustBeInheritable)
   at System.Reflection.CustomAttribute.IsDefined(RuntimeType type, RuntimeType caType, Boolean inherit)
   at System.RuntimeType.IsDefined(Type attributeType, Boolean inherit)
   at Microsoft.VisualStudio.TestTools.TestTypes.Unit.UnitTestExecuter.GetAssemblyInfo(Assembly assembly)
   at Microsoft.VisualStudio.TestTools.TestTypes.Unit.UnitTestExecuter.GetTypeInfo(Type type, Boolean checkAlreadyExaminedType)
   at Microsoft.VisualStudio.TestTools.TestTypes.Unit.UnitTestExecuter.ResolveMethods()
   at Microsoft.VisualStudio.TestTools.TestTypes.Unit.UnitTestExecuter.Initialize(UnitTestResult result, UnitTestRunner runner, ConsoleOutputRedirector redirector)

WRN: Assembly binding logging is turned OFF.
To enable assembly bind failure logging, set the registry value [HKLM\Software\Microsoft\Fusion!EnableLog] (DWORD) to 1.
Note: There is some performance penalty associated with assembly bind failure logging.
To turn this feature off, remove the registry value [HKLM\Software\Microsoft\Fusion!EnableLog].

E, 2224, 27, 2011/12/24, 12:19:12.267, MATT-PC\QTAgent32.exe, Unit Test Adapter threw exception: System.IO.FileLoadException: Could not load file or assembly 'Facebook.Web.Mvc, Version=5.3.2.0, Culture=neutral, PublicKeyToken=58cb4f2111d1e6de' or one of its dependencies. The located assembly's manifest definition does not match the assembly reference. (Exception from HRESULT: 0x80131040)
File name: 'Facebook.Web.Mvc, Version=5.3.2.0, Culture=neutral, PublicKeyToken=58cb4f2111d1e6de'
   at System.ModuleHandle.ResolveType(RuntimeModule module, Int32 typeToken, IntPtr* typeInstArgs, Int32 typeInstCount, IntPtr* methodInstArgs, Int32 methodInstCount, ObjectHandleOnStack type)
   at System.ModuleHandle.ResolveTypeHandleInternal(RuntimeModule module, Int32 typeToken, RuntimeTypeHandle[] typeInstantiationContext, RuntimeTypeHandle[] methodInstantiationContext)
   at System.Reflection.RuntimeModule.ResolveType(Int32 metadataToken, Type[] genericTypeArguments, Type[] genericMethodArguments)
   at System.Reflection.CustomAttribute.FilterCustomAttributeRecord(CustomAttributeRecord caRecord, MetadataImport scope, Assembly&amp; lastAptcaOkAssembly, RuntimeModule decoratedModule, MetadataToken decoratedToken, RuntimeType attributeFilterType, Boolean mustBeInheritable, Object[] attributes, IList derivedAttributes, RuntimeType&amp; attributeType, IRuntimeMethodInfo&amp; ctor, Boolean&amp; ctorHasParameters, Boolean&amp; isVarArg)
   at System.Reflection.CustomAttribute.IsCustomAttributeDefined(RuntimeModule decoratedModule, Int32 decoratedMetadataToken, RuntimeType attributeFilterType, Boolean mustBeInheritable)
   at System.Reflection.CustomAttribute.IsDefined(RuntimeType type, RuntimeType caType, Boolean inherit)
   at System.RuntimeType.IsDefined(Type attributeType, Boolean inherit)
   at Microsoft.VisualStudio.TestTools.TestTypes.Unit.UnitTestExecuter.GetAssemblyInfo(Assembly assembly)
   at Microsoft.VisualStudio.TestTools.TestTypes.Unit.UnitTestExecuter.GetTypeInfo(Type type, Boolean checkAlreadyExaminedType)
   at Microsoft.VisualStudio.TestTools.TestTypes.Unit.UnitTestExecuter.ResolveMethods()
   at Microsoft.VisualStudio.TestTools.TestTypes.Unit.UnitTestExecuter.Initialize(UnitTestResult result, UnitTestRunner runner, ConsoleOutputRedirector redirector)
   at Microsoft.VisualStudio.TestTools.TestTypes.Unit.UnitTestRunner.Run(UnitTestElement test, ITestContext testContext, Boolean isLoadTest, Boolean useMultipleCpus)

WRN: Assembly binding logging is turned OFF.
To enable assembly bind failure logging, set the registry value [HKLM\Software\Microsoft\Fusion!EnableLog] (DWORD) to 1.
Note: There is some performance penalty associated with assembly bind failure logging.
To turn this feature off, remove the registry value [HKLM\Software\Microsoft\Fusion!EnableLog].

W, 2224, 29, 2011/12/24, 12:19:12.281, MATT-PC\QTAgent32.exe, Getting custom attributes for type System.RuntimeType threw exception (will ignore and use the reflection way): System.IO.FileLoadException: Could not load file or assembly 'Facebook.Web.Mvc, Version=5.3.2.0, Culture=neutral, PublicKeyToken=58cb4f2111d1e6de' or one of its dependencies. The located assembly's manifest definition does not match the assembly reference. (Exception from HRESULT: 0x80131040)
File name: 'Facebook.Web.Mvc, Version=5.3.2.0, Culture=neutral, PublicKeyToken=58cb4f2111d1e6de'
   at System.ModuleHandle.ResolveType(RuntimeModule module, Int32 typeToken, IntPtr* typeInstArgs, Int32 typeInstCount, IntPtr* methodInstArgs, Int32 methodInstCount, ObjectHandleOnStack type)
   at System.ModuleHandle.ResolveTypeHandleInternal(RuntimeModule module, Int32 typeToken, RuntimeTypeHandle[] typeInstantiationContext, RuntimeTypeHandle[] methodInstantiationContext)
   at System.Reflection.RuntimeModule.ResolveType(Int32 metadataToken, Type[] genericTypeArguments, Type[] genericMethodArguments)
   at System.Reflection.CustomAttribute.FilterCustomAttributeRecord(CustomAttributeRecord caRecord, MetadataImport scope, Assembly&amp; lastAptcaOkAssembly, RuntimeModule decoratedModule, MetadataToken decoratedToken, RuntimeType attributeFilterType, Boolean mustBeInheritable, Object[] attributes, IList derivedAttributes, RuntimeType&amp; attributeType, IRuntimeMethodInfo&amp; ctor, Boolean&amp; ctorHasParameters, Boolean&amp; isVarArg)
   at System.Reflection.CustomAttribute.GetCustomAttributes(RuntimeModule decoratedModule, Int32 decoratedMetadataToken, Int32 pcaCount, RuntimeType attributeFilterType, Boolean mustBeInheritable, IList derivedAttributes, Boolean isDecoratedTargetSecurityTransparent)
   at System.Reflection.CustomAttribute.GetCustomAttributes(RuntimeType type, RuntimeType caType, Boolean inherit)
   at System.RuntimeType.GetCustomAttributes(Boolean inherit)
   at Microsoft.VisualStudio.TestTools.Common.ReflectHelper.GetAttributes(MemberInfo info, Boolean bInherit)

WRN: Assembly binding logging is turned OFF.
To enable assembly bind failure logging, set the registry value [HKLM\Software\Microsoft\Fusion!EnableLog] (DWORD) to 1.
Note: There is some performance penalty associated with assembly bind failure logging.
To turn this feature off, remove the registry value [HKLM\Software\Microsoft\Fusion!EnableLog].

E, 2224, 29, 2011/12/24, 12:19:12.282, MATT-PC\QTAgent32.exe, Unit Test Executor threw an exception. Most likely the test run was aborted by the user or the framework:System.IO.FileLoadException: Could not load file or assembly 'Facebook.Web.Mvc, Version=5.3.2.0, Culture=neutral, PublicKeyToken=58cb4f2111d1e6de' or one of its dependencies. The located assembly's manifest definition does not match the assembly reference. (Exception from HRESULT: 0x80131040)
File name: 'Facebook.Web.Mvc, Version=5.3.2.0, Culture=neutral, PublicKeyToken=58cb4f2111d1e6de'
   at System.ModuleHandle.ResolveType(RuntimeModule module, Int32 typeToken, IntPtr* typeInstArgs, Int32 typeInstCount, IntPtr* methodInstArgs, Int32 methodInstCount, ObjectHandleOnStack type)
   at System.ModuleHandle.ResolveTypeHandleInternal(RuntimeModule module, Int32 typeToken, RuntimeTypeHandle[] typeInstantiationContext, RuntimeTypeHandle[] methodInstantiationContext)
   at System.Reflection.RuntimeModule.ResolveType(Int32 metadataToken, Type[] genericTypeArguments, Type[] genericMethodArguments)
   at System.Reflection.CustomAttribute.FilterCustomAttributeRecord(CustomAttributeRecord caRecord, MetadataImport scope, Assembly&amp; lastAptcaOkAssembly, RuntimeModule decoratedModule, MetadataToken decoratedToken, RuntimeType attributeFilterType, Boolean mustBeInheritable, Object[] attributes, IList derivedAttributes, RuntimeType&amp; attributeType, IRuntimeMethodInfo&amp; ctor, Boolean&amp; ctorHasParameters, Boolean&amp; isVarArg)
   at System.Reflection.CustomAttribute.IsCustomAttributeDefined(RuntimeModule decoratedModule, Int32 decoratedMetadataToken, RuntimeType attributeFilterType, Boolean mustBeInheritable)
   at System.Reflection.CustomAttribute.IsDefined(RuntimeType type, RuntimeType caType, Boolean inherit)
   at System.RuntimeType.IsDefined(Type attributeType, Boolean inherit)
   at Microsoft.VisualStudio.TestTools.TestTypes.Unit.UnitTestExecuter.GetAssemblyInfo(Assembly assembly)
   at Microsoft.VisualStudio.TestTools.TestTypes.Unit.UnitTestExecuter.GetTypeInfo(Type type, Boolean checkAlreadyExaminedType)
   at Microsoft.VisualStudio.TestTools.TestTypes.Unit.UnitTestExecuter.ResolveMethods()
   at Microsoft.VisualStudio.TestTools.TestTypes.Unit.UnitTestExecuter.Initialize(UnitTestResult result, UnitTestRunner runner, ConsoleOutputRedirector redirector)

WRN: Assembly binding logging is turned OFF.
To enable assembly bind failure logging, set the registry value [HKLM\Software\Microsoft\Fusion!EnableLog] (DWORD) to 1.
Note: There is some performance penalty associated with assembly bind failure logging.
To turn this feature off, remove the registry value [HKLM\Software\Microsoft\Fusion!EnableLog].

E, 2224, 29, 2011/12/24, 12:19:12.282, MATT-PC\QTAgent32.exe, Unit Test Adapter threw exception: System.IO.FileLoadException: Could not load file or assembly 'Facebook.Web.Mvc, Version=5.3.2.0, Culture=neutral, PublicKeyToken=58cb4f2111d1e6de' or one of its dependencies. The located assembly's manifest definition does not match the assembly reference. (Exception from HRESULT: 0x80131040)
File name: 'Facebook.Web.Mvc, Version=5.3.2.0, Culture=neutral, PublicKeyToken=58cb4f2111d1e6de'
   at System.ModuleHandle.ResolveType(RuntimeModule module, Int32 typeToken, IntPtr* typeInstArgs, Int32 typeInstCount, IntPtr* methodInstArgs, Int32 methodInstCount, ObjectHandleOnStack type)
   at System.ModuleHandle.ResolveTypeHandleInternal(RuntimeModule module, Int32 typeToken, RuntimeTypeHandle[] typeInstantiationContext, RuntimeTypeHandle[] methodInstantiationContext)
   at System.Reflection.RuntimeModule.ResolveType(Int32 metadataToken, Type[] genericTypeArguments, Type[] genericMethodArguments)
   at System.Reflection.CustomAttribute.FilterCustomAttributeRecord(CustomAttributeRecord caRecord, MetadataImport scope, Assembly&amp; lastAptcaOkAssembly, RuntimeModule decoratedModule, MetadataToken decoratedToken, RuntimeType attributeFilterType, Boolean mustBeInheritable, Object[] attributes, IList derivedAttributes, RuntimeType&amp; attributeType, IRuntimeMethodInfo&amp; ctor, Boolean&amp; ctorHasParameters, Boolean&amp; isVarArg)
   at System.Reflection.CustomAttribute.IsCustomAttributeDefined(RuntimeModule decoratedModule, Int32 decoratedMetadataToken, RuntimeType attributeFilterType, Boolean mustBeInheritable)
   at System.Reflection.CustomAttribute.IsDefined(RuntimeType type, RuntimeType caType, Boolean inherit)
   at System.RuntimeType.IsDefined(Type attributeType, Boolean inherit)
   at Microsoft.VisualStudio.TestTools.TestTypes.Unit.UnitTestExecuter.GetAssemblyInfo(Assembly assembly)
   at Microsoft.VisualStudio.TestTools.TestTypes.Unit.UnitTestExecuter.GetTypeInfo(Type type, Boolean checkAlreadyExaminedType)
   at Microsoft.VisualStudio.TestTools.TestTypes.Unit.UnitTestExecuter.ResolveMethods()
   at Microsoft.VisualStudio.TestTools.TestTypes.Unit.UnitTestExecuter.Initialize(UnitTestResult result, UnitTestRunner runner, ConsoleOutputRedirector redirector)
   at Microsoft.VisualStudio.TestTools.TestTypes.Unit.UnitTestRunner.Run(UnitTestElement test, ITestContext testContext, Boolean isLoadTest, Boolean useMultipleCpus)

WRN: Assembly binding logging is turned OFF.
To enable assembly bind failure logging, set the registry value [HKLM\Software\Microsoft\Fusion!EnableLog] (DWORD) to 1.
Note: There is some performance penalty associated with assembly bind failure logging.
To turn this feature off, remove the registry value [HKLM\Software\Microsoft\Fusion!EnableLog].

W, 2224, 31, 2011/12/24, 12:19:12.296, MATT-PC\QTAgent32.exe, Getting custom attributes for type System.RuntimeType threw exception (will ignore and use the reflection way): System.IO.FileLoadException: Could not load file or assembly 'Facebook.Web.Mvc, Version=5.3.2.0, Culture=neutral, PublicKeyToken=58cb4f2111d1e6de' or one of its dependencies. The located assembly's manifest definition does not match the assembly reference. (Exception from HRESULT: 0x80131040)
File name: 'Facebook.Web.Mvc, Version=5.3.2.0, Culture=neutral, PublicKeyToken=58cb4f2111d1e6de'
   at System.ModuleHandle.ResolveType(RuntimeModule module, Int32 typeToken, IntPtr* typeInstArgs, Int32 typeInstCount, IntPtr* methodInstArgs, Int32 methodInstCount, ObjectHandleOnStack type)
   at System.ModuleHandle.ResolveTypeHandleInternal(RuntimeModule module, Int32 typeToken, RuntimeTypeHandle[] typeInstantiationContext, RuntimeTypeHandle[] methodInstantiationContext)
   at System.Reflection.RuntimeModule.ResolveType(Int32 metadataToken, Type[] genericTypeArguments, Type[] genericMethodArguments)
   at System.Reflection.CustomAttribute.FilterCustomAttributeRecord(CustomAttributeRecord caRecord, MetadataImport scope, Assembly&amp; lastAptcaOkAssembly, RuntimeModule decoratedModule, MetadataToken decoratedToken, RuntimeType attributeFilterType, Boolean mustBeInheritable, Object[] attributes, IList derivedAttributes, RuntimeType&amp; attributeType, IRuntimeMethodInfo&amp; ctor, Boolean&amp; ctorHasParameters, Boolean&amp; isVarArg)
   at System.Reflection.CustomAttribute.GetCustomAttributes(RuntimeModule decoratedModule, Int32 decoratedMetadataToken, Int32 pcaCount, RuntimeType attributeFilterType, Boolean mustBeInheritable, IList derivedAttributes, Boolean isDecoratedTargetSecurityTransparent)
   at System.Reflection.CustomAttribute.GetCustomAttributes(RuntimeType type, RuntimeType caType, Boolean inherit)
   at System.RuntimeType.GetCustomAttributes(Boolean inherit)
   at Microsoft.VisualStudio.TestTools.Common.ReflectHelper.GetAttributes(MemberInfo info, Boolean bInherit)

WRN: Assembly binding logging is turned OFF.
To enable assembly bind failure logging, set the registry value [HKLM\Software\Microsoft\Fusion!EnableLog] (DWORD) to 1.
Note: There is some performance penalty associated with assembly bind failure logging.
To turn this feature off, remove the registry value [HKLM\Software\Microsoft\Fusion!EnableLog].

E, 2224, 31, 2011/12/24, 12:19:12.297, MATT-PC\QTAgent32.exe, Unit Test Executor threw an exception. Most likely the test run was aborted by the user or the framework:System.IO.FileLoadException: Could not load file or assembly 'Facebook.Web.Mvc, Version=5.3.2.0, Culture=neutral, PublicKeyToken=58cb4f2111d1e6de' or one of its dependencies. The located assembly's manifest definition does not match the assembly reference. (Exception from HRESULT: 0x80131040)
File name: 'Facebook.Web.Mvc, Version=5.3.2.0, Culture=neutral, PublicKeyToken=58cb4f2111d1e6de'
   at System.ModuleHandle.ResolveType(RuntimeModule module, Int32 typeToken, IntPtr* typeInstArgs, Int32 typeInstCount, IntPtr* methodInstArgs, Int32 methodInstCount, ObjectHandleOnStack type)
   at System.ModuleHandle.ResolveTypeHandleInternal(RuntimeModule module, Int32 typeToken, RuntimeTypeHandle[] typeInstantiationContext, RuntimeTypeHandle[] methodInstantiationContext)
   at System.Reflection.RuntimeModule.ResolveType(Int32 metadataToken, Type[] genericTypeArguments, Type[] genericMethodArguments)
   at System.Reflection.CustomAttribute.FilterCustomAttributeRecord(CustomAttributeRecord caRecord, MetadataImport scope, Assembly&amp; lastAptcaOkAssembly, RuntimeModule decoratedModule, MetadataToken decoratedToken, RuntimeType attributeFilterType, Boolean mustBeInheritable, Object[] attributes, IList derivedAttributes, RuntimeType&amp; attributeType, IRuntimeMethodInfo&amp; ctor, Boolean&amp; ctorHasParameters, Boolean&amp; isVarArg)
   at System.Reflection.CustomAttribute.IsCustomAttributeDefined(RuntimeModule decoratedModule, Int32 decoratedMetadataToken, RuntimeType attributeFilterType, Boolean mustBeInheritable)
   at System.Reflection.CustomAttribute.IsDefined(RuntimeType type, RuntimeType caType, Boolean inherit)
   at System.RuntimeType.IsDefined(Type attributeType, Boolean inherit)
   at Microsoft.VisualStudio.TestTools.TestTypes.Unit.UnitTestExecuter.GetAssemblyInfo(Assembly assembly)
   at Microsoft.VisualStudio.TestTools.TestTypes.Unit.UnitTestExecuter.GetTypeInfo(Type type, Boolean checkAlreadyExaminedType)
   at Microsoft.VisualStudio.TestTools.TestTypes.Unit.UnitTestExecuter.ResolveMethods()
   at Microsoft.VisualStudio.TestTools.TestTypes.Unit.UnitTestExecuter.Initialize(UnitTestResult result, UnitTestRunner runner, ConsoleOutputRedirector redirector)

WRN: Assembly binding logging is turned OFF.
To enable assembly bind failure logging, set the registry value [HKLM\Software\Microsoft\Fusion!EnableLog] (DWORD) to 1.
Note: There is some performance penalty associated with assembly bind failure logging.
To turn this feature off, remove the registry value [HKLM\Software\Microsoft\Fusion!EnableLog].

E, 2224, 31, 2011/12/24, 12:19:12.297, MATT-PC\QTAgent32.exe, Unit Test Adapter threw exception: System.IO.FileLoadException: Could not load file or assembly 'Facebook.Web.Mvc, Version=5.3.2.0, Culture=neutral, PublicKeyToken=58cb4f2111d1e6de' or one of its dependencies. The located assembly's manifest definition does not match the assembly reference. (Exception from HRESULT: 0x80131040)
File name: 'Facebook.Web.Mvc, Version=5.3.2.0, Culture=neutral, PublicKeyToken=58cb4f2111d1e6de'
   at System.ModuleHandle.ResolveType(RuntimeModule module, Int32 typeToken, IntPtr* typeInstArgs, Int32 typeInstCount, IntPtr* methodInstArgs, Int32 methodInstCount, ObjectHandleOnStack type)
   at System.ModuleHandle.ResolveTypeHandleInternal(RuntimeModule module, Int32 typeToken, RuntimeTypeHandle[] typeInstantiationContext, RuntimeTypeHandle[] methodInstantiationContext)
   at System.Reflection.RuntimeModule.ResolveType(Int32 metadataToken, Type[] genericTypeArguments, Type[] genericMethodArguments)
[...]
        </ErrorInfo>
      </Output>
    </UnitTestResult>
    <UnitTestResult executionId="d6a7d9d3-9b13-4399-9165-27523f5eb820" testId="7a74fccc-3a78-7dd5-a25a-fb73b8f8d4d7" testName="It_should_throw_an_exception_if_logging_service_is_null" computerName="MATT-PC" startTime="2011-12-24T12:19:12.3780893-08:00" endTime="2011-12-24T12:19:12.3910900-08:00" testType="13cdc9d9-ddb5-4fa4-a97d-d965ccfc6d4b" outcome="Failed" testListId="8c84fa94-04c1-424b-9868-57a2d4851a1d" relativeResultsDirectory="d6a7d9d3-9b13-4399-9165-27523f5eb820">
      <Output>
        <ErrorInfo>
          <Message>Unit Test Adapter threw exception: 
Could not load file or assembly 'Facebook.Web.Mvc, Version=5.3.2.0, Culture=neutral, PublicKeyToken=58cb4f2111d1e6de' or one of its dependencies. The located assembly's manifest definition does not match the assembly reference. (Exception from HRESULT: 0x80131040).</Message>
        </ErrorInfo>
      </Output>
    </UnitTestResult>
    <UnitTestResult executionId="6f206255-8a53-427b-a906-b5554163ec52" testId="7dbf40fa-558c-b37d-3518-0d5964f875ad" testName="It_should_redirect_to_the_index_action_if_tag_specified_tag_is_not_found" computerName="MATT-PC" startTime="2011-12-24T12:19:12.4020906-08:00" endTime="2011-12-24T12:19:12.4070909-08:00" testType="13cdc9d9-ddb5-4fa4-a97d-d965ccfc6d4b" outcome="Failed" testListId="8c84fa94-04c1-424b-9868-57a2d4851a1d" relativeResultsDirectory="6f206255-8a53-427b-a906-b5554163ec52">
      <Output>
        <ErrorInfo>
          <Message>Unit Test Adapter threw exception: 
Could not load file or assembly 'Facebook.Web.Mvc, Version=5.3.2.0, Culture=neutral, PublicKeyToken=58cb4f2111d1e6de' or one of its dependencies. The located assembly's manifest definition does not match the assembly reference. (Exception from HRESULT: 0x80131040).</Message>
        </ErrorInfo>
      </Output>
    </UnitTestResult>
    <UnitTestResult executionId="742418ee-3a43-4aa7-93a9-fe5ae7f29ccd" testId="7e059270-f99e-7f0c-944d-a1420e836093" testName="It_should_throw_an_exception_if_tag_service_is_null" computerName="MATT-PC" startTime="2011-12-24T12:19:12.4130913-08:00" endTime="2011-12-24T12:19:12.4260920-08:00" testType="13cdc9d9-ddb5-4fa4-a97d-d965ccfc6d4b" outcome="Failed" testListId="8c84fa94-04c1-424b-9868-57a2d4851a1d" relativeResultsDirectory="742418ee-3a43-4aa7-93a9-fe5ae7f29ccd">
      <Output>
        <ErrorInfo>
          <Message>Unit Test Adapter threw exception: 
Could not load file or assembly 'Facebook.Web.Mvc, Version=5.3.2.0, Culture=neutral, PublicKeyToken=58cb4f2111d1e6de' or one of its dependencies. The located assembly's manifest definition does not match the assembly reference. (Exception from HRESULT: 0x80131040).</Message>
        </ErrorInfo>
      </Output>
    </UnitTestResult>
    <UnitTestResult executionId="b9454a64-7cc6-4256-87d9-f7f7c07a3236" testId="7fa73dbd-de6d-0ac1-9c78-9efc7a619388" testName="It_should_ask_the_complaint_service_for_all_complaints" computerName="MATT-PC" startTime="2011-12-24T12:19:12.4360926-08:00" endTime="2011-12-24T12:19:12.4440930-08:00" testType="13cdc9d9-ddb5-4fa4-a97d-d965ccfc6d4b" outcome="Failed" testListId="8c84fa94-04c1-424b-9868-57a2d4851a1d" relativeResultsDirectory="b9454a64-7cc6-4256-87d9-f7f7c07a3236">
      <Output>
        <ErrorInfo>
          <Message>Unit Test Adapter threw exception: 
Could not load file or assembly 'Facebook.Web.Mvc, Version=5.3.2.0, Culture=neutral, PublicKeyToken=58cb4f2111d1e6de' or one of its dependencies. The located assembly's manifest definition does not match the assembly reference. (Exception from HRESULT: 0x80131040).</Message>
        </ErrorInfo>
      </Output>
    </UnitTestResult>
    <UnitTestResult executionId="84369f26-6488-41a3-bdf5-96146fe1b2a5" testId="8778246f-bfa9-c2d1-b343-6fd2e66339d0" testName="It_should_ask_the_tag_service_for_all_tags" computerName="MATT-PC" startTime="2011-12-24T12:19:12.4480933-08:00" endTime="2011-12-24T12:19:12.4580938-08:00" testType="13cdc9d9-ddb5-4fa4-a97d-d965ccfc6d4b" outcome="Failed" testListId="8c84fa94-04c1-424b-9868-57a2d4851a1d" relativeResultsDirectory="84369f26-6488-41a3-bdf5-96146fe1b2a5">
      <Output>
        <ErrorInfo>
          <Message>Unit Test Adapter threw exception: 
Could not load file or assembly 'Facebook.Web.Mvc, Version=5.3.2.0, Culture=neutral, PublicKeyToken=58cb4f2111d1e6de' or one of its dependencies. The located assembly's manifest definition does not match the assembly reference. (Exception from HRESULT: 0x80131040).</Message>
        </ErrorInfo>
      </Output>
    </UnitTestResult>
    <UnitTestResult executionId="cb3aaa64-717d-4518-abbb-3adc1bd5f8dc" testId="8ca0dd94-8d00-3681-7e7b-bcdc49182639" testName="It_should_throw_an_exception_if_facebook_service_is_null" computerName="MATT-PC" startTime="2011-12-24T12:19:12.4620941-08:00" endTime="2011-12-24T12:19:12.4710946-08:00" testType="13cdc9d9-ddb5-4fa4-a97d-d965ccfc6d4b" outcome="Failed" testListId="8c84fa94-04c1-424b-9868-57a2d4851a1d" relativeResultsDirectory="cb3aaa64-717d-4518-abbb-3adc1bd5f8dc">
      <Output>
        <ErrorInfo>
          <Message>Unit Test Adapter threw exception: 
Could not load file or assembly 'Facebook.Web.Mvc, Version=5.3.2.0, Culture=neutral, PublicKeyToken=58cb4f2111d1e6de' or one of its dependencies. The located assembly's manifest definition does not match the assembly reference. (Exception from HRESULT: 0x80131040).</Message>
        </ErrorInfo>
      </Output>
    </UnitTestResult>
    <UnitTestResult executionId="076dd777-6d4b-418d-a66d-bd8013a1e524" testId="9b34144b-af57-82ac-232c-05f31ac3f84e" testName="It_should_ask_the_facebook_service_for_a_list_of_friends" computerName="MATT-PC" startTime="2011-12-24T12:19:12.4830953-08:00" endTime="2011-12-24T12:19:12.4910957-08:00" testType="13cdc9d9-ddb5-4fa4-a97d-d965ccfc6d4b" outcome="Failed" testListId="8c84fa94-04c1-424b-9868-57a2d4851a1d" relativeResultsDirectory="076dd777-6d4b-418d-a66d-bd8013a1e524">
      <Output>
        <ErrorInfo>
          <Message>Unit Test Adapter threw exception: 
Could not load file or assembly 'Facebook.Web.Mvc, Version=5.3.2.0, Culture=neutral, PublicKeyToken=58cb4f2111d1e6de' or one of its dependencies. The located assembly's manifest definition does not match the assembly reference. (Exception from HRESULT: 0x80131040).</Message>
        </ErrorInfo>
      </Output>
    </UnitTestResult>
    <UnitTestResult executionId="309dc112-e75f-4cac-ab48-d83a69355bf2" testId="a1efffce-f557-40c3-1c11-2522b30a2b71" testName="It_should_have_a_chart_data_view_model_in_its_view" computerName="MATT-PC" startTime="2011-12-24T12:19:12.4930958-08:00" endTime="2011-12-24T12:19:12.5060966-08:00" testType="13cdc9d9-ddb5-4fa4-a97d-d965ccfc6d4b" outcome="Failed" testListId="8c84fa94-04c1-424b-9868-57a2d4851a1d" relativeResultsDirectory="309dc112-e75f-4cac-ab48-d83a69355bf2">
      <Output>
        <ErrorInfo>
          <Message>Unit Test Adapter threw exception: 
Could not load file or assembly 'Facebook.Web.Mvc, Version=5.3.2.0, Culture=neutral, PublicKeyToken=58cb4f2111d1e6de' or one of its dependencies. The located assembly's manifest definition does not match the assembly reference. (Exception from HRESULT: 0x80131040).</Message>
        </ErrorInfo>
      </Output>
    </UnitTestResult>
    <UnitTestResult executionId="91d51ffd-7cc6-4f98-9fb5-6394bcdf7cb7" testId="a2fc997c-f0ad-8f43-71b9-befe4e308a8b" testName="It_should_throw_an_exception_if_complaint_severity_service_is_null" computerName="MATT-PC" startTime="2011-12-24T12:19:12.5130970-08:00" endTime="2011-12-24T12:19:12.5210974-08:00" testType="13cdc9d9-ddb5-4fa4-a97d-d965ccfc6d4b" outcome="Failed" testListId="8c84fa94-04c1-424b-9868-57a2d4851a1d" relativeResultsDirectory="91d51ffd-7cc6-4f98-9fb5-6394bcdf7cb7">
      <Output>
        <ErrorInfo>
          <Message>Unit Test Adapter threw exception: 
Could not load file or assembly 'Facebook.Web.Mvc, Version=5.3.2.0, Culture=neutral, PublicKeyToken=58cb4f2111d1e6de' or one of its dependencies. The located assembly's manifest definition does not match the assembly reference. (Exception from HRESULT: 0x80131040).</Message>
        </ErrorInfo>
      </Output>
    </UnitTestResult>
    <UnitTestResult executionId="be85f04b-d1ba-4151-a1d5-7c251fef9277" testId="b2b8632c-b102-57b1-dc49-f5d4b1cc0f34" testName="It_should_return_a_view_as_a_part_of_the_friends_action" computerName="MATT-PC" startTime="2011-12-24T12:19:12.5260977-08:00" endTime="2011-12-24T12:19:12.5340982-08:00" testType="13cdc9d9-ddb5-4fa4-a97d-d965ccfc6d4b" outcome="Failed" testListId="8c84fa94-04c1-424b-9868-57a2d4851a1d" relativeResultsDirectory="be85f04b-d1ba-4151-a1d5-7c251fef9277">
      <Output>
        <ErrorInfo>
          <Message>Unit Test Adapter threw exception: 
Could not load file or assembly 'Facebook.Web.Mvc, Version=5.3.2.0, Culture=neutral, PublicKeyToken=58cb4f2111d1e6de' or one of its dependencies. The located assembly's manifest definition does not match the assembly reference. (Exception from HRESULT: 0x80131040).</Message>
        </ErrorInfo>
      </Output>
    </UnitTestResult>
    <UnitTestResult executionId="3694e225-e395-4b82-b1a5-fd776f5bec87" testId="b6a7185e-c355-1a77-1427-f2388d0cf302" testName="It_should_throw_an_exception_if_tag_service_is_null" computerName="MATT-PC" startTime="2011-12-24T12:19:12.5380984-08:00" endTime="2011-12-24T12:19:12.5480990-08:00" testType="13cdc9d9-ddb5-4fa4-a97d-d965ccfc6d4b" outcome="Failed" testListId="8c84fa94-04c1-424b-9868-57a2d4851a1d" relativeResultsDirectory="3694e225-e395-4b82-b1a5-fd776f5bec87">
      <Output>
        <ErrorInfo>
          <Message>Unit Test Adapter threw exception: 
Could not load file or assembly 'Facebook.Web.Mvc, Version=5.3.2.0, Culture=neutral, PublicKeyToken=58cb4f2111d1e6de' or one of its dependencies. The located assembly's manifest definition does not match the assembly reference. (Exception from HRESULT: 0x80131040).</Message>
        </ErrorInfo>
      </Output>
    </UnitTestResult>
    <UnitTestResult executionId="d958df12-444d-4dbb-9c2e-fb9164a70d0f" testId="bf31f7f0-a2a0-4bd2-dd65-6ece24083ee4" testName="It_should_throw_an_exception_if_user_service_is_null" computerName="MATT-PC" startTime="2011-12-24T12:19:12.5510992-08:00" endTime="2011-12-24T12:19:12.5610997-08:00" testType="13cdc9d9-ddb5-4fa4-a97d-d965ccfc6d4b" outcome="Failed" testListId="8c84fa94-04c1-424b-9868-57a2d4851a1d" relativeResultsDirectory="d958df12-444d-4dbb-9c2e-fb9164a70d0f">
      <Output>
        <ErrorInfo>
          <Message>Unit Test Adapter threw exception: 
Could not load file or assembly 'Facebook.Web.Mvc, Version=5.3.2.0, Culture=neutral, PublicKeyToken=58cb4f2111d1e6de' or one of its dependencies. The located assembly's manifest definition does not match the assembly reference. (Exception from HRESULT: 0x80131040).</Message>
        </ErrorInfo>
      </Output>
    </UnitTestResult>
    <UnitTestResult executionId="e41bb227-f97f-404e-bb82-610913e9e50f" testId="c2755fd0-55b4-448f-fa6a-eef452c59cb3" testName="It_should_ask_the_user_service_to_get_the_requested_friend" computerName="MATT-PC" startTime="2011-12-24T12:19:12.5671001-08:00" endTime="2011-12-24T12:19:12.5731004-08:00" testType="13cdc9d9-ddb5-4fa4-a97d-d965ccfc6d4b" outcome="Failed" testListId="8c84fa94-04c1-424b-9868-57a2d4851a1d" relativeResultsDirectory="e41bb227-f97f-404e-bb82-610913e9e50f">
      <Output>
        <ErrorInfo>
          <Message>Unit Test Adapter threw exception: 
Could not load file or assembly 'Facebook.Web.Mvc, Version=5.3.2.0, Culture=neutral, PublicKeyToken=58cb4f2111d1e6de' or one of its dependencies. The located assembly's manifest definition does not match the assembly reference. (Exception from HRESULT: 0x80131040).</Message>
        </ErrorInfo>
      </Output>
    </UnitTestResult>
    <UnitTestResult executionId="693b1260-0215-4431-b1c8-6a354a8ffc8d" testId="c7ea3ecb-50f5-2712-8aca-008c0a2be236" testName="It_should_throw_an_exception_if_complaint_builder_is_null" computerName="MATT-PC" startTime="2011-12-24T12:19:12.5901014-08:00" endTime="2011-12-24T12:19:12.5971018-08:00" testType="13cdc9d9-ddb5-4fa4-a97d-d965ccfc6d4b" outcome="Failed" testListId="8c84fa94-04c1-424b-9868-57a2d4851a1d" relativeResultsDirectory="693b1260-0215-4431-b1c8-6a354a8ffc8d">
      <Output>
        <ErrorInfo>
          <Message>Unit Test Adapter threw exception: 
Could not load file or assembly 'Facebook.Web.Mvc, Version=5.3.2.0, Culture=neutral, PublicKeyToken=58cb4f2111d1e6de' or one of its dependencies. The located assembly's manifest definition does not match the assembly reference. (Exception from HRESULT: 0x80131040).</Message>
        </ErrorInfo>
      </Output>
    </UnitTestResult>
    <UnitTestResult executionId="253afbce-986b-408c-a0de-d186125caec8" testId="cc8fd6f1-60f9-9983-5acc-e6782323e931" testName="It_should_throw_an_exception_if_tag_service_is_null" computerName="MATT-PC" startTime="2011-12-24T12:19:12.6051023-08:00" endTime="2011-12-24T12:19:12.6121027-08:00" testType="13cdc9d9-ddb5-4fa4-a97d-d965ccfc6d4b" outcome="Failed" testListId="8c84fa94-04c1-424b-9868-57a2d4851a1d" relativeResultsDirectory="253afbce-986b-408c-a0de-d186125caec8">
      <Output>
        <ErrorInfo>
          <Message>Unit Test Adapter threw exception: 
Could not load file or assembly 'Facebook.Web.Mvc, Version=5.3.2.0, Culture=neutral, PublicKeyToken=58cb4f2111d1e6de' or one of its dependencies. The located assembly's manifest definition does not match the assembly reference. (Exception from HRESULT: 0x80131040).</Message>
        </ErrorInfo>
      </Output>
    </UnitTestResult>
    <UnitTestResult executionId="75c8c759-9fd5-472d-9f35-009c428a3868" testId="d1b01a50-f114-c36e-df25-5ce88648af81" testName="It_should_ask_the_tag_service_to_get_the_requested_tag" computerName="MATT-PC" startTime="2011-12-24T12:19:12.6231033-08:00" endTime="2011-12-24T12:19:12.6291036-08:00" testType="13cdc9d9-ddb5-4fa4-a97d-d965ccfc6d4b" outcome="Failed" testListId="8c84fa94-04c1-424b-9868-57a2d4851a1d" relativeResultsDirectory="75c8c759-9fd5-472d-9f35-009c428a3868">
      <Output>
        <ErrorInfo>
          <Message>Unit Test Adapter threw exception: 
Could not load file or assembly 'Facebook.Web.Mvc, Version=5.3.2.0, Culture=neutral, PublicKeyToken=58cb4f2111d1e6de' or one of its dependencies. The located assembly's manifest definition does not match the assembly reference. (Exception from HRESULT: 0x80131040).</Message>
        </ErrorInfo>
      </Output>
    </UnitTestResult>
    <UnitTestResult executionId="8ef9710b-55c3-497b-b32f-617e762707a7" testId="de63c1b4-1c1f-9f57-f7e5-a98bc56732e3" testName="It_should_return_a_view_as_a_part_of_the_tag_action" computerName="MATT-PC" startTime="2011-12-24T12:19:12.6331039-08:00" endTime="2011-12-24T12:19:12.6411043-08:00" testType="13cdc9d9-ddb5-4fa4-a97d-d965ccfc6d4b" outcome="Failed" testListId="8c84fa94-04c1-424b-9868-57a2d4851a1d" relativeResultsDirectory="8ef9710b-55c3-497b-b32f-617e762707a7">
      <Output>
        <ErrorInfo>
          <Message>Unit Test Adapter threw exception: 
Could not load file or assembly 'Facebook.Web.Mvc, Version=5.3.2.0, Culture=neutral, PublicKeyToken=58cb4f2111d1e6de' or one of its dependencies. The located assembly's manifest definition does not match the assembly reference. (Exception from HRESULT: 0x80131040).</Message>
        </ErrorInfo>
      </Output>
    </UnitTestResult>
    <UnitTestResult executionId="c3201800-7f45-408b-91d0-c33a3e67f706" testId="e69681b7-cdaa-317d-ccd1-7c7c5073cf4c" testName="It_should_return_a_partial_view_called__index" computerName="MATT-PC" startTime="2011-12-24T12:19:12.6431044-08:00" endTime="2011-12-24T12:19:12.7391099-08:00" testType="13cdc9d9-ddb5-4fa4-a97d-d965ccfc6d4b" outcome="Failed" testListId="8c84fa94-04c1-424b-9868-57a2d4851a1d" relativeResultsDirectory="c3201800-7f45-408b-91d0-c33a3e67f706">
      <Output>
        <ErrorInfo>
          <Message>Unit Test Adapter threw exception: 
Could not load file or assembly 'Facebook.Web.Mvc, Version=5.3.2.0, Culture=neutral, PublicKeyToken=58cb4f2111d1e6de' or one of its dependencies. The located assembly's manifest definition does not match the assembly reference. (Exception from HRESULT: 0x80131040).</Message>
        </ErrorInfo>
      </Output>
    </UnitTestResult>
    <UnitTestResult executionId="6c9489fe-d11a-4669-bc78-1d830f745c24" testId="f0690b77-6da3-dfa0-d405-007e7fb12845" testName="It_should_return_a_view" computerName="MATT-PC" startTime="2011-12-24T12:19:12.7421101-08:00" endTime="2011-12-24T12:19:12.7591111-08:00" testType="13cdc9d9-ddb5-4fa4-a97d-d965ccfc6d4b" outcome="Failed" testListId="8c84fa94-04c1-424b-9868-57a2d4851a1d" relativeResultsDirectory="6c9489fe-d11a-4669-bc78-1d830f745c24">
      <Output>
        <ErrorInfo>
          <Message>Unit Test Adapter threw exception: 
Could not load file or assembly 'Facebook.Web.Mvc, Version=5.3.2.0, Culture=neutral, PublicKeyToken=58cb4f2111d1e6de' or one of its dependencies. The located assembly's manifest definition does not match the assembly reference. (Exception from HRESULT: 0x80131040).</Message>
        </ErrorInfo>
      </Output>
    </UnitTestResult>
    <UnitTestResult executionId="5a9ecfbe-2861-420d-8529-2f3edd0a7792" testId="f182e86d-440a-114e-75b8-405a96928ec7" testName="It_should_have_a_collection_of_friends_as_the_views_model" computerName="MATT-PC" startTime="2011-12-24T12:19:12.7621112-08:00" endTime="2011-12-24T12:19:12.7811123-08:00" testType="13cdc9d9-ddb5-4fa4-a97d-d965ccfc6d4b" outcome="Failed" testListId="8c84fa94-04c1-424b-9868-57a2d4851a1d" relativeResultsDirectory="5a9ecfbe-2861-420d-8529-2f3edd0a7792">
      <Output>
        <ErrorInfo>
          <Message>Unit Test Adapter threw exception: 
Could not load file or assembly 'Facebook.Web.Mvc, Version=5.3.2.0, Culture=neutral, PublicKeyToken=58cb4f2111d1e6de' or one of its dependencies. The located assembly's manifest definition does not match the assembly reference. (Exception from HRESULT: 0x80131040).</Message>
        </ErrorInfo>
      </Output>
    </UnitTestResult>
    <UnitTestResult executionId="324b72c4-c9d9-4bc5-8fd9-02fe12f4c0e4" testId="f931b9ae-990e-4f43-27eb-1f94d6cb047a" testName="It_should_redirect_to_the_index_action_if_specified_user_is_not_found" computerName="MATT-PC" startTime="2011-12-24T12:19:12.7861126-08:00" endTime="2011-12-24T12:19:12.7981133-08:00" testType="13cdc9d9-ddb5-4fa4-a97d-d965ccfc6d4b" outcome="Failed" testListId="8c84fa94-04c1-424b-9868-57a2d4851a1d" relativeResultsDirectory="324b72c4-c9d9-4bc5-8fd9-02fe12f4c0e4">
      <Output>
        <ErrorInfo>
          <Message>Unit Test Adapter threw exception: 
Could not load file or assembly 'Facebook.Web.Mvc, Version=5.3.2.0, Culture=neutral, PublicKeyToken=58cb4f2111d1e6de' or one of its dependencies. The located assembly's manifest definition does not match the assembly reference. (Exception from HRESULT: 0x80131040).</Message>
        </ErrorInfo>
      </Output>
    </UnitTestResult>
    <UnitTestResult executionId="41f517c2-74a7-4da6-9641-4eeb5fe069a3" testId="ff84291d-6907-1271-e188-6b262b177ccc" testName="It_should_ask_the_facebook_service_for_me_as_part_of_tag_action" computerName="MATT-PC" startTime="2011-12-24T12:19:12.8021135-08:00" endTime="2011-12-24T12:19:12.8131141-08:00" testType="13cdc9d9-ddb5-4fa4-a97d-d965ccfc6d4b" outcome="Failed" testListId="8c84fa94-04c1-424b-9868-57a2d4851a1d" relativeResultsDirectory="41f517c2-74a7-4da6-9641-4eeb5fe069a3">
      <Output>
        <ErrorInfo>
          <Message>Unit Test Adapter threw exception: 
Could not load file or assembly 'Facebook.Web.Mvc, Version=5.3.2.0, Culture=neutral, PublicKeyToken=58cb4f2111d1e6de' or one of its dependencies. The located assembly's manifest definition does not match the assembly reference. (Exception from HRESULT: 0x80131040).</Message>
        </ErrorInfo>
      </Output>
    </UnitTestResult>
  </Results>
</TestRun>